2015-10-02 21:39:13 INFO tempest.services.Daemon$ServiceRunner run Started Daemon server onswapnas-MacBook-Air.local
2015-10-02 21:39:14 INFO tempest.services.Daemon$DaemonClient run Updated Membership list member {
  ip: "10.0.0.18"
  timestamp: 1443847154168
  hearbeat: 2
}

2015-10-02 21:39:14 INFO tempest.services.Daemon$DaemonClient$ClientCommandExecutor execute Sending membershipList to Daemon server on machine fa15-cs425-g03-01.cs.illinois.edu
2015-10-02 21:39:14 INFO tempest.services.Daemon$DaemonClient$ClientCommandExecutor execute Sending membershipList to Daemon server on machine fa15-cs425-g03-02.cs.illinois.edu
2015-10-02 21:39:14 INFO tempest.services.Daemon$DaemonClient$ClientCommandExecutor execute Sending membershipList to Daemon server on machine fa15-cs425-g03-05.cs.illinois.edu
2015-10-02 21:39:14 INFO tempest.services.Daemon$DaemonClient$ClientCommandExecutor execute Sending membershipList to Daemon server on machine fa15-cs425-g03-06.cs.illinois.edu
2015-10-02 21:39:14 INFO tempest.services.Daemon$DaemonClient$ClientCommandExecutor execute Sending membershipList to Daemon server on machine fa15-cs425-g03-04.cs.illinois.edu
2015-10-02 21:39:14 INFO tempest.services.Daemon$DaemonClient$ClientCommandExecutor execute Sending membershipList to Daemon server on machine fa15-cs425-g03-03.cs.illinois.edu
2015-10-02 21:39:14 INFO tempest.services.Daemon$DaemonClient$ClientCommandExecutor execute Sending membershipList to Daemon server on machine swapnas-MacBook-Air.local
2015-10-02 21:39:14 INFO tempest.services.Daemon$DaemonClient$ClientCommandExecutor execute Sending membershipList to Daemon server on machine fa15-cs425-g03-07.cs.illinois.edu
2015-10-02 21:39:14 INFO tempest.services.Daemon$ServiceRunner run Current Membership list member {
  ip: "10.0.0.18"
  timestamp: 1443847154168
  hearbeat: 2
}

2015-10-02 21:39:14 INFO tempest.services.Daemon$ServiceRunner run Recieved Membership list member {
  ip: "10.0.0.18"
  timestamp: 1443847154168
  hearbeat: 2
}

2015-10-02 21:39:14 INFO tempest.services.Daemon$ServiceRunner run Merged Membership list member {
  ip: "10.0.0.18"
  timestamp: 1443847154168
  hearbeat: 2
}

2015-10-02 21:39:15 INFO tempest.services.Daemon$DaemonClient run Updated Membership list member {
  ip: "10.0.0.18"
  timestamp: 1443847155258
  hearbeat: 3
}

2015-10-02 21:39:15 INFO tempest.services.Daemon$DaemonClient$ClientCommandExecutor execute Sending membershipList to Daemon server on machine fa15-cs425-g03-03.cs.illinois.edu
2015-10-02 21:39:15 INFO tempest.services.Daemon$DaemonClient$ClientCommandExecutor execute Sending membershipList to Daemon server on machine swapnas-MacBook-Air.local
2015-10-02 21:39:15 INFO tempest.services.Daemon$DaemonClient$ClientCommandExecutor execute Sending membershipList to Daemon server on machine fa15-cs425-g03-07.cs.illinois.edu
2015-10-02 21:39:15 INFO tempest.services.Daemon$DaemonClient$ClientCommandExecutor execute Sending membershipList to Daemon server on machine fa15-cs425-g03-05.cs.illinois.edu
2015-10-02 21:39:15 INFO tempest.services.Daemon$DaemonClient$ClientCommandExecutor execute Sending membershipList to Daemon server on machine fa15-cs425-g03-06.cs.illinois.edu
2015-10-02 21:39:15 INFO tempest.services.Daemon$DaemonClient$ClientCommandExecutor execute Sending membershipList to Daemon server on machine fa15-cs425-g03-04.cs.illinois.edu
2015-10-02 21:39:15 INFO tempest.services.Daemon$DaemonClient$ClientCommandExecutor execute Sending membershipList to Daemon server on machine fa15-cs425-g03-02.cs.illinois.edu
2015-10-02 21:39:15 INFO tempest.services.Daemon$DaemonClient$ClientCommandExecutor execute Sending membershipList to Daemon server on machine fa15-cs425-g03-01.cs.illinois.edu
2015-10-02 21:39:15 INFO tempest.services.Daemon$ServiceRunner run Current Membership list member {
  ip: "10.0.0.18"
  timestamp: 1443847155258
  hearbeat: 3
}

2015-10-02 21:39:15 INFO tempest.services.Daemon$ServiceRunner run Recieved Membership list member {
  ip: "10.0.0.18"
  timestamp: 1443847155258
  hearbeat: 3
}

2015-10-02 21:39:15 INFO tempest.services.Daemon$ServiceRunner run Merged Membership list member {
  ip: "10.0.0.18"
  timestamp: 1443847155258
  hearbeat: 3
}

2015-10-02 21:39:15 INFO tempest.services.Daemon$DaemonClient run Updated Membership list member {
  ip: "10.0.0.18"
  timestamp: 1443847155777
  hearbeat: 4
}

2015-10-02 21:39:15 INFO tempest.services.Daemon$DaemonClient$ClientCommandExecutor execute Sending membershipList to Daemon server on machine fa15-cs425-g03-01.cs.illinois.edu
2015-10-02 21:39:15 INFO tempest.services.Daemon$DaemonClient$ClientCommandExecutor execute Sending membershipList to Daemon server on machine swapnas-MacBook-Air.local
2015-10-02 21:39:15 INFO tempest.services.Daemon$DaemonClient$ClientCommandExecutor execute Sending membershipList to Daemon server on machine fa15-cs425-g03-07.cs.illinois.edu
2015-10-02 21:39:15 INFO tempest.services.Daemon$DaemonClient$ClientCommandExecutor execute Sending membershipList to Daemon server on machine fa15-cs425-g03-06.cs.illinois.edu
2015-10-02 21:39:15 INFO tempest.services.Daemon$ServiceRunner run Current Membership list member {
  ip: "10.0.0.18"
  timestamp: 1443847155777
  hearbeat: 4
}

2015-10-02 21:39:15 INFO tempest.services.Daemon$ServiceRunner run Recieved Membership list member {
  ip: "10.0.0.18"
  timestamp: 1443847155777
  hearbeat: 4
}

2015-10-02 21:39:15 INFO tempest.services.Daemon$DaemonClient$ClientCommandExecutor execute Sending membershipList to Daemon server on machine fa15-cs425-g03-05.cs.illinois.edu
2015-10-02 21:39:15 INFO tempest.services.Daemon$DaemonClient$ClientCommandExecutor execute Sending membershipList to Daemon server on machine fa15-cs425-g03-04.cs.illinois.edu
2015-10-02 21:39:15 INFO tempest.services.Daemon$DaemonClient$ClientCommandExecutor execute Sending membershipList to Daemon server on machine fa15-cs425-g03-02.cs.illinois.edu
2015-10-02 21:39:15 INFO tempest.services.Daemon$DaemonClient$ClientCommandExecutor execute Sending membershipList to Daemon server on machine fa15-cs425-g03-03.cs.illinois.edu
2015-10-02 21:39:15 INFO tempest.services.Daemon$ServiceRunner run Merged Membership list member {
  ip: "10.0.0.18"
  timestamp: 1443847155777
  hearbeat: 4
}

2015-10-02 21:39:16 INFO tempest.services.Daemon$DaemonClient run Updated Membership list member {
  ip: "10.0.0.18"
  timestamp: 1443847156296
  hearbeat: 5
}

2015-10-02 21:39:16 INFO tempest.services.Daemon$DaemonClient$ClientCommandExecutor execute Sending membershipList to Daemon server on machine fa15-cs425-g03-01.cs.illinois.edu
2015-10-02 21:39:16 INFO tempest.services.Daemon$DaemonClient$ClientCommandExecutor execute Sending membershipList to Daemon server on machine swapnas-MacBook-Air.local
2015-10-02 21:39:16 INFO tempest.services.Daemon$DaemonClient$ClientCommandExecutor execute Sending membershipList to Daemon server on machine fa15-cs425-g03-07.cs.illinois.edu
2015-10-02 21:39:16 INFO tempest.services.Daemon$DaemonClient$ClientCommandExecutor execute Sending membershipList to Daemon server on machine fa15-cs425-g03-06.cs.illinois.edu
2015-10-02 21:39:16 INFO tempest.services.Daemon$DaemonClient$ClientCommandExecutor execute Sending membershipList to Daemon server on machine fa15-cs425-g03-05.cs.illinois.edu
2015-10-02 21:39:16 INFO tempest.services.Daemon$DaemonClient$ClientCommandExecutor execute Sending membershipList to Daemon server on machine fa15-cs425-g03-04.cs.illinois.edu
2015-10-02 21:39:16 INFO tempest.services.Daemon$DaemonClient$ClientCommandExecutor execute Sending membershipList to Daemon server on machine fa15-cs425-g03-03.cs.illinois.edu
2015-10-02 21:39:16 INFO tempest.services.Daemon$DaemonClient$ClientCommandExecutor execute Sending membershipList to Daemon server on machine fa15-cs425-g03-02.cs.illinois.edu
2015-10-02 21:39:16 INFO tempest.services.Daemon$ServiceRunner run Current Membership list member {
  ip: "10.0.0.18"
  timestamp: 1443847156296
  hearbeat: 5
}

2015-10-02 21:39:16 INFO tempest.services.Daemon$ServiceRunner run Recieved Membership list member {
  ip: "10.0.0.18"
  timestamp: 1443847156296
  hearbeat: 5
}

2015-10-02 21:39:16 INFO tempest.services.Daemon$ServiceRunner run Merged Membership list member {
  ip: "10.0.0.18"
  timestamp: 1443847156296
  hearbeat: 5
}

2015-10-02 21:39:16 INFO tempest.services.Daemon$DaemonClient run Updated Membership list member {
  ip: "10.0.0.18"
  timestamp: 1443847156816
  hearbeat: 6
}

2015-10-02 21:39:16 INFO tempest.services.Daemon$DaemonClient$ClientCommandExecutor execute Sending membershipList to Daemon server on machine fa15-cs425-g03-02.cs.illinois.edu
2015-10-02 21:39:16 INFO tempest.services.Daemon$DaemonClient$ClientCommandExecutor execute Sending membershipList to Daemon server on machine swapnas-MacBook-Air.local
2015-10-02 21:39:16 INFO tempest.services.Daemon$DaemonClient$ClientCommandExecutor execute Sending membershipList to Daemon server on machine fa15-cs425-g03-01.cs.illinois.edu
2015-10-02 21:39:16 INFO tempest.services.Daemon$DaemonClient$ClientCommandExecutor execute Sending membershipList to Daemon server on machine fa15-cs425-g03-07.cs.illinois.edu
2015-10-02 21:39:16 INFO tempest.services.Daemon$ServiceRunner run Current Membership list member {
  ip: "10.0.0.18"
  timestamp: 1443847156816
  hearbeat: 6
}

2015-10-02 21:39:16 INFO tempest.services.Daemon$DaemonClient$ClientCommandExecutor execute Sending membershipList to Daemon server on machine fa15-cs425-g03-06.cs.illinois.edu
2015-10-02 21:39:16 INFO tempest.services.Daemon$DaemonClient$ClientCommandExecutor execute Sending membershipList to Daemon server on machine fa15-cs425-g03-04.cs.illinois.edu
2015-10-02 21:39:16 INFO tempest.services.Daemon$DaemonClient$ClientCommandExecutor execute Sending membershipList to Daemon server on machine fa15-cs425-g03-05.cs.illinois.edu
2015-10-02 21:39:16 INFO tempest.services.Daemon$DaemonClient$ClientCommandExecutor execute Sending membershipList to Daemon server on machine fa15-cs425-g03-03.cs.illinois.edu
2015-10-02 21:39:16 INFO tempest.services.Daemon$ServiceRunner run Recieved Membership list member {
  ip: "10.0.0.18"
  timestamp: 1443847156816
  hearbeat: 6
}

2015-10-02 21:39:16 INFO tempest.services.Daemon$ServiceRunner run Merged Membership list member {
  ip: "10.0.0.18"
  timestamp: 1443847156816
  hearbeat: 6
}

2015-10-02 21:39:17 INFO tempest.services.Daemon$DaemonClient run Updated Membership list member {
  ip: "10.0.0.18"
  timestamp: 1443847157338
  hearbeat: 7
}

2015-10-02 21:39:17 INFO tempest.services.Daemon$DaemonClient$ClientCommandExecutor execute Sending membershipList to Daemon server on machine fa15-cs425-g03-01.cs.illinois.edu
2015-10-02 21:39:17 INFO tempest.services.Daemon$DaemonClient$ClientCommandExecutor execute Sending membershipList to Daemon server on machine fa15-cs425-g03-02.cs.illinois.edu
2015-10-02 21:39:17 INFO tempest.services.Daemon$DaemonClient$ClientCommandExecutor execute Sending membershipList to Daemon server on machine swapnas-MacBook-Air.local
2015-10-02 21:39:17 INFO tempest.services.Daemon$DaemonClient$ClientCommandExecutor execute Sending membershipList to Daemon server on machine fa15-cs425-g03-07.cs.illinois.edu
2015-10-02 21:39:17 INFO tempest.services.Daemon$DaemonClient$ClientCommandExecutor execute Sending membershipList to Daemon server on machine fa15-cs425-g03-06.cs.illinois.edu
2015-10-02 21:39:17 INFO tempest.services.Daemon$DaemonClient$ClientCommandExecutor execute Sending membershipList to Daemon server on machine fa15-cs425-g03-05.cs.illinois.edu
2015-10-02 21:39:17 INFO tempest.services.Daemon$DaemonClient$ClientCommandExecutor execute Sending membershipList to Daemon server on machine fa15-cs425-g03-04.cs.illinois.edu
2015-10-02 21:39:17 INFO tempest.services.Daemon$DaemonClient$ClientCommandExecutor execute Sending membershipList to Daemon server on machine fa15-cs425-g03-03.cs.illinois.edu
2015-10-02 21:39:17 INFO tempest.services.Daemon$ServiceRunner run Current Membership list member {
  ip: "10.0.0.18"
  timestamp: 1443847157338
  hearbeat: 7
}

2015-10-02 21:39:17 INFO tempest.services.Daemon$ServiceRunner run Recieved Membership list member {
  ip: "10.0.0.18"
  timestamp: 1443847157338
  hearbeat: 7
}

2015-10-02 21:39:17 INFO tempest.services.Daemon$ServiceRunner run Merged Membership list member {
  ip: "10.0.0.18"
  timestamp: 1443847157338
  hearbeat: 7
}

2015-10-02 21:39:17 INFO tempest.services.Daemon$DaemonClient run Updated Membership list member {
  ip: "10.0.0.18"
  timestamp: 1443847157856
  hearbeat: 8
}

2015-10-02 21:39:17 INFO tempest.services.Daemon$DaemonClient$ClientCommandExecutor execute Sending membershipList to Daemon server on machine fa15-cs425-g03-01.cs.illinois.edu
2015-10-02 21:39:17 INFO tempest.services.Daemon$DaemonClient$ClientCommandExecutor execute Sending membershipList to Daemon server on machine swapnas-MacBook-Air.local
2015-10-02 21:39:17 INFO tempest.services.Daemon$DaemonClient$ClientCommandExecutor execute Sending membershipList to Daemon server on machine fa15-cs425-g03-07.cs.illinois.edu
2015-10-02 21:39:17 INFO tempest.services.Daemon$DaemonClient$ClientCommandExecutor execute Sending membershipList to Daemon server on machine fa15-cs425-g03-05.cs.illinois.edu
2015-10-02 21:39:17 INFO tempest.services.Daemon$DaemonClient$ClientCommandExecutor execute Sending membershipList to Daemon server on machine fa15-cs425-g03-06.cs.illinois.edu
2015-10-02 21:39:17 INFO tempest.services.Daemon$DaemonClient$ClientCommandExecutor execute Sending membershipList to Daemon server on machine fa15-cs425-g03-02.cs.illinois.edu
2015-10-02 21:39:17 INFO tempest.services.Daemon$DaemonClient$ClientCommandExecutor execute Sending membershipList to Daemon server on machine fa15-cs425-g03-04.cs.illinois.edu
2015-10-02 21:39:17 INFO tempest.services.Daemon$DaemonClient$ClientCommandExecutor execute Sending membershipList to Daemon server on machine fa15-cs425-g03-03.cs.illinois.edu
2015-10-02 21:39:17 INFO tempest.services.Daemon$ServiceRunner run Current Membership list member {
  ip: "10.0.0.18"
  timestamp: 1443847157856
  hearbeat: 8
}

2015-10-02 21:39:17 INFO tempest.services.Daemon$ServiceRunner run Recieved Membership list member {
  ip: "10.0.0.18"
  timestamp: 1443847157856
  hearbeat: 8
}

2015-10-02 21:39:17 INFO tempest.services.Daemon$ServiceRunner run Merged Membership list member {
  ip: "10.0.0.18"
  timestamp: 1443847157856
  hearbeat: 8
}

2015-10-02 21:39:18 INFO tempest.services.Daemon$DaemonClient run Updated Membership list member {
  ip: "10.0.0.18"
  timestamp: 1443847158373
  hearbeat: 9
}

2015-10-02 21:39:18 INFO tempest.services.Daemon$DaemonClient$ClientCommandExecutor execute Sending membershipList to Daemon server on machine fa15-cs425-g03-01.cs.illinois.edu
2015-10-02 21:39:18 INFO tempest.services.Daemon$DaemonClient$ClientCommandExecutor execute Sending membershipList to Daemon server on machine swapnas-MacBook-Air.local
2015-10-02 21:39:18 INFO tempest.services.Daemon$DaemonClient$ClientCommandExecutor execute Sending membershipList to Daemon server on machine fa15-cs425-g03-07.cs.illinois.edu
2015-10-02 21:39:18 INFO tempest.services.Daemon$DaemonClient$ClientCommandExecutor execute Sending membershipList to Daemon server on machine fa15-cs425-g03-05.cs.illinois.edu
2015-10-02 21:39:18 INFO tempest.services.Daemon$DaemonClient$ClientCommandExecutor execute Sending membershipList to Daemon server on machine fa15-cs425-g03-06.cs.illinois.edu
2015-10-02 21:39:18 INFO tempest.services.Daemon$DaemonClient$ClientCommandExecutor execute Sending membershipList to Daemon server on machine fa15-cs425-g03-04.cs.illinois.edu
2015-10-02 21:39:18 INFO tempest.services.Daemon$DaemonClient$ClientCommandExecutor execute Sending membershipList to Daemon server on machine fa15-cs425-g03-03.cs.illinois.edu
2015-10-02 21:39:18 INFO tempest.services.Daemon$DaemonClient$ClientCommandExecutor execute Sending membershipList to Daemon server on machine fa15-cs425-g03-02.cs.illinois.edu
2015-10-02 21:39:18 INFO tempest.services.Daemon$ServiceRunner run Current Membership list member {
  ip: "10.0.0.18"
  timestamp: 1443847158373
  hearbeat: 9
}

2015-10-02 21:39:18 INFO tempest.services.Daemon$ServiceRunner run Recieved Membership list member {
  ip: "10.0.0.18"
  timestamp: 1443847158373
  hearbeat: 9
}

2015-10-02 21:39:18 INFO tempest.services.Daemon$ServiceRunner run Merged Membership list member {
  ip: "10.0.0.18"
  timestamp: 1443847158373
  hearbeat: 9
}

2015-10-02 21:39:18 INFO tempest.services.Daemon$DaemonClient run Updated Membership list member {
  ip: "10.0.0.18"
  timestamp: 1443847158888
  hearbeat: 10
}

2015-10-02 21:39:18 INFO tempest.services.Daemon$DaemonClient$ClientCommandExecutor execute Sending membershipList to Daemon server on machine fa15-cs425-g03-01.cs.illinois.edu
2015-10-02 21:39:18 INFO tempest.services.Daemon$DaemonClient$ClientCommandExecutor execute Sending membershipList to Daemon server on machine swapnas-MacBook-Air.local
2015-10-02 21:39:18 INFO tempest.services.Daemon$DaemonClient$ClientCommandExecutor execute Sending membershipList to Daemon server on machine fa15-cs425-g03-05.cs.illinois.edu
2015-10-02 21:39:18 INFO tempest.services.Daemon$DaemonClient$ClientCommandExecutor execute Sending membershipList to Daemon server on machine fa15-cs425-g03-07.cs.illinois.edu
2015-10-02 21:39:18 INFO tempest.services.Daemon$DaemonClient$ClientCommandExecutor execute Sending membershipList to Daemon server on machine fa15-cs425-g03-06.cs.illinois.edu
2015-10-02 21:39:18 INFO tempest.services.Daemon$DaemonClient$ClientCommandExecutor execute Sending membershipList to Daemon server on machine fa15-cs425-g03-04.cs.illinois.edu
2015-10-02 21:39:18 INFO tempest.services.Daemon$DaemonClient$ClientCommandExecutor execute Sending membershipList to Daemon server on machine fa15-cs425-g03-02.cs.illinois.edu
2015-10-02 21:39:18 INFO tempest.services.Daemon$DaemonClient$ClientCommandExecutor execute Sending membershipList to Daemon server on machine fa15-cs425-g03-03.cs.illinois.edu
2015-10-02 21:39:18 INFO tempest.services.Daemon$ServiceRunner run Current Membership list member {
  ip: "10.0.0.18"
  timestamp: 1443847158888
  hearbeat: 10
}

2015-10-02 21:39:18 INFO tempest.services.Daemon$ServiceRunner run Recieved Membership list member {
  ip: "10.0.0.18"
  timestamp: 1443847158888
  hearbeat: 10
}

2015-10-02 21:39:18 INFO tempest.services.Daemon$ServiceRunner run Merged Membership list member {
  ip: "10.0.0.18"
  timestamp: 1443847158888
  hearbeat: 10
}

2015-10-02 21:39:19 INFO tempest.services.Daemon$DaemonClient run Updated Membership list member {
  ip: "10.0.0.18"
  timestamp: 1443847159406
  hearbeat: 11
}

2015-10-02 21:39:19 INFO tempest.services.Daemon$DaemonClient$ClientCommandExecutor execute Sending membershipList to Daemon server on machine fa15-cs425-g03-02.cs.illinois.edu
2015-10-02 21:39:19 INFO tempest.services.Daemon$DaemonClient$ClientCommandExecutor execute Sending membershipList to Daemon server on machine swapnas-MacBook-Air.local
2015-10-02 21:39:19 INFO tempest.services.Daemon$DaemonClient$ClientCommandExecutor execute Sending membershipList to Daemon server on machine fa15-cs425-g03-06.cs.illinois.edu
2015-10-02 21:39:19 INFO tempest.services.Daemon$DaemonClient$ClientCommandExecutor execute Sending membershipList to Daemon server on machine fa15-cs425-g03-07.cs.illinois.edu
2015-10-02 21:39:19 INFO tempest.services.Daemon$DaemonClient$ClientCommandExecutor execute Sending membershipList to Daemon server on machine fa15-cs425-g03-05.cs.illinois.edu
2015-10-02 21:39:19 INFO tempest.services.Daemon$DaemonClient$ClientCommandExecutor execute Sending membershipList to Daemon server on machine fa15-cs425-g03-03.cs.illinois.edu
2015-10-02 21:39:19 INFO tempest.services.Daemon$DaemonClient$ClientCommandExecutor execute Sending membershipList to Daemon server on machine fa15-cs425-g03-01.cs.illinois.edu
2015-10-02 21:39:19 INFO tempest.services.Daemon$DaemonClient$ClientCommandExecutor execute Sending membershipList to Daemon server on machine fa15-cs425-g03-04.cs.illinois.edu
2015-10-02 21:39:19 INFO tempest.services.Daemon$ServiceRunner run Current Membership list member {
  ip: "10.0.0.18"
  timestamp: 1443847159406
  hearbeat: 11
}

2015-10-02 21:39:19 INFO tempest.services.Daemon$ServiceRunner run Recieved Membership list member {
  ip: "10.0.0.18"
  timestamp: 1443847159406
  hearbeat: 11
}

2015-10-02 21:39:19 INFO tempest.services.Daemon$ServiceRunner run Merged Membership list member {
  ip: "10.0.0.18"
  timestamp: 1443847159406
  hearbeat: 11
}

2015-10-02 21:39:19 INFO tempest.services.Daemon$DaemonClient run Updated Membership list member {
  ip: "10.0.0.18"
  timestamp: 1443847159922
  hearbeat: 12
}

2015-10-02 21:39:19 INFO tempest.services.Daemon$DaemonClient$ClientCommandExecutor execute Sending membershipList to Daemon server on machine fa15-cs425-g03-01.cs.illinois.edu
2015-10-02 21:39:19 INFO tempest.services.Daemon$DaemonClient$ClientCommandExecutor execute Sending membershipList to Daemon server on machine swapnas-MacBook-Air.local
2015-10-02 21:39:19 INFO tempest.services.Daemon$DaemonClient$ClientCommandExecutor execute Sending membershipList to Daemon server on machine fa15-cs425-g03-06.cs.illinois.edu
2015-10-02 21:39:19 INFO tempest.services.Daemon$DaemonClient$ClientCommandExecutor execute Sending membershipList to Daemon server on machine fa15-cs425-g03-05.cs.illinois.edu
2015-10-02 21:39:19 INFO tempest.services.Daemon$DaemonClient$ClientCommandExecutor execute Sending membershipList to Daemon server on machine fa15-cs425-g03-07.cs.illinois.edu
2015-10-02 21:39:19 INFO tempest.services.Daemon$DaemonClient$ClientCommandExecutor execute Sending membershipList to Daemon server on machine fa15-cs425-g03-04.cs.illinois.edu
2015-10-02 21:39:19 INFO tempest.services.Daemon$DaemonClient$ClientCommandExecutor execute Sending membershipList to Daemon server on machine fa15-cs425-g03-02.cs.illinois.edu
2015-10-02 21:39:19 INFO tempest.services.Daemon$DaemonClient$ClientCommandExecutor execute Sending membershipList to Daemon server on machine fa15-cs425-g03-03.cs.illinois.edu
2015-10-02 21:39:19 INFO tempest.services.Daemon$ServiceRunner run Current Membership list member {
  ip: "10.0.0.18"
  timestamp: 1443847159922
  hearbeat: 12
}

2015-10-02 21:39:19 INFO tempest.services.Daemon$ServiceRunner run Recieved Membership list member {
  ip: "10.0.0.18"
  timestamp: 1443847159922
  hearbeat: 12
}

2015-10-02 21:39:19 INFO tempest.services.Daemon$ServiceRunner run Merged Membership list member {
  ip: "10.0.0.18"
  timestamp: 1443847159922
  hearbeat: 12
}

2015-10-02 21:39:20 INFO tempest.services.Daemon$DaemonClient run Updated Membership list member {
  ip: "10.0.0.18"
  timestamp: 1443847160439
  hearbeat: 13
}

2015-10-02 21:39:20 INFO tempest.services.Daemon$DaemonClient$ClientCommandExecutor execute Sending membershipList to Daemon server on machine fa15-cs425-g03-03.cs.illinois.edu
2015-10-02 21:39:20 INFO tempest.services.Daemon$DaemonClient$ClientCommandExecutor execute Sending membershipList to Daemon server on machine swapnas-MacBook-Air.local
2015-10-02 21:39:20 INFO tempest.services.Daemon$DaemonClient$ClientCommandExecutor execute Sending membershipList to Daemon server on machine fa15-cs425-g03-07.cs.illinois.edu
2015-10-02 21:39:20 INFO tempest.services.Daemon$DaemonClient$ClientCommandExecutor execute Sending membershipList to Daemon server on machine fa15-cs425-g03-04.cs.illinois.edu
2015-10-02 21:39:20 INFO tempest.services.Daemon$DaemonClient$ClientCommandExecutor execute Sending membershipList to Daemon server on machine fa15-cs425-g03-06.cs.illinois.edu
2015-10-02 21:39:20 INFO tempest.services.Daemon$DaemonClient$ClientCommandExecutor execute Sending membershipList to Daemon server on machine fa15-cs425-g03-05.cs.illinois.edu
2015-10-02 21:39:20 INFO tempest.services.Daemon$DaemonClient$ClientCommandExecutor execute Sending membershipList to Daemon server on machine fa15-cs425-g03-02.cs.illinois.edu
2015-10-02 21:39:20 INFO tempest.services.Daemon$DaemonClient$ClientCommandExecutor execute Sending membershipList to Daemon server on machine fa15-cs425-g03-01.cs.illinois.edu
2015-10-02 21:39:20 INFO tempest.services.Daemon$ServiceRunner run Current Membership list member {
  ip: "10.0.0.18"
  timestamp: 1443847160439
  hearbeat: 13
}

2015-10-02 21:39:20 INFO tempest.services.Daemon$ServiceRunner run Recieved Membership list member {
  ip: "10.0.0.18"
  timestamp: 1443847160439
  hearbeat: 13
}

2015-10-02 21:39:20 INFO tempest.services.Daemon$ServiceRunner run Merged Membership list member {
  ip: "10.0.0.18"
  timestamp: 1443847160439
  hearbeat: 13
}

2015-10-02 21:39:20 INFO tempest.services.Daemon$DaemonClient run Updated Membership list member {
  ip: "10.0.0.18"
  timestamp: 1443847160956
  hearbeat: 14
}

2015-10-02 21:39:20 INFO tempest.services.Daemon$DaemonClient$ClientCommandExecutor execute Sending membershipList to Daemon server on machine fa15-cs425-g03-01.cs.illinois.edu
2015-10-02 21:39:20 INFO tempest.services.Daemon$DaemonClient$ClientCommandExecutor execute Sending membershipList to Daemon server on machine swapnas-MacBook-Air.local
2015-10-02 21:39:20 INFO tempest.services.Daemon$DaemonClient$ClientCommandExecutor execute Sending membershipList to Daemon server on machine fa15-cs425-g03-07.cs.illinois.edu
2015-10-02 21:39:20 INFO tempest.services.Daemon$DaemonClient$ClientCommandExecutor execute Sending membershipList to Daemon server on machine fa15-cs425-g03-06.cs.illinois.edu
2015-10-02 21:39:20 INFO tempest.services.Daemon$DaemonClient$ClientCommandExecutor execute Sending membershipList to Daemon server on machine fa15-cs425-g03-05.cs.illinois.edu
2015-10-02 21:39:20 INFO tempest.services.Daemon$DaemonClient$ClientCommandExecutor execute Sending membershipList to Daemon server on machine fa15-cs425-g03-04.cs.illinois.edu
2015-10-02 21:39:20 INFO tempest.services.Daemon$DaemonClient$ClientCommandExecutor execute Sending membershipList to Daemon server on machine fa15-cs425-g03-03.cs.illinois.edu
2015-10-02 21:39:20 INFO tempest.services.Daemon$DaemonClient$ClientCommandExecutor execute Sending membershipList to Daemon server on machine fa15-cs425-g03-02.cs.illinois.edu
2015-10-02 21:39:20 INFO tempest.services.Daemon$ServiceRunner run Current Membership list member {
  ip: "10.0.0.18"
  timestamp: 1443847160956
  hearbeat: 14
}

2015-10-02 21:39:20 INFO tempest.services.Daemon$ServiceRunner run Recieved Membership list member {
  ip: "10.0.0.18"
  timestamp: 1443847160956
  hearbeat: 14
}

2015-10-02 21:39:20 INFO tempest.services.Daemon$ServiceRunner run Merged Membership list member {
  ip: "10.0.0.18"
  timestamp: 1443847160956
  hearbeat: 14
}

2015-10-02 21:39:21 INFO tempest.services.Daemon$DaemonClient run Updated Membership list member {
  ip: "10.0.0.18"
  timestamp: 1443847161472
  hearbeat: 15
}

2015-10-02 21:39:21 INFO tempest.services.Daemon$DaemonClient$ClientCommandExecutor execute Sending membershipList to Daemon server on machine fa15-cs425-g03-03.cs.illinois.edu
2015-10-02 21:39:21 INFO tempest.services.Daemon$DaemonClient$ClientCommandExecutor execute Sending membershipList to Daemon server on machine swapnas-MacBook-Air.local
2015-10-02 21:39:21 INFO tempest.services.Daemon$DaemonClient$ClientCommandExecutor execute Sending membershipList to Daemon server on machine fa15-cs425-g03-07.cs.illinois.edu
2015-10-02 21:39:21 INFO tempest.services.Daemon$DaemonClient$ClientCommandExecutor execute Sending membershipList to Daemon server on machine fa15-cs425-g03-05.cs.illinois.edu
2015-10-02 21:39:21 INFO tempest.services.Daemon$DaemonClient$ClientCommandExecutor execute Sending membershipList to Daemon server on machine fa15-cs425-g03-06.cs.illinois.edu
2015-10-02 21:39:21 INFO tempest.services.Daemon$DaemonClient$ClientCommandExecutor execute Sending membershipList to Daemon server on machine fa15-cs425-g03-04.cs.illinois.edu
2015-10-02 21:39:21 INFO tempest.services.Daemon$DaemonClient$ClientCommandExecutor execute Sending membershipList to Daemon server on machine fa15-cs425-g03-01.cs.illinois.edu
2015-10-02 21:39:21 INFO tempest.services.Daemon$DaemonClient$ClientCommandExecutor execute Sending membershipList to Daemon server on machine fa15-cs425-g03-02.cs.illinois.edu
2015-10-02 21:39:21 INFO tempest.services.Daemon$ServiceRunner run Current Membership list member {
  ip: "10.0.0.18"
  timestamp: 1443847161472
  hearbeat: 15
}

2015-10-02 21:39:21 INFO tempest.services.Daemon$ServiceRunner run Recieved Membership list member {
  ip: "10.0.0.18"
  timestamp: 1443847161472
  hearbeat: 15
}

2015-10-02 21:39:21 INFO tempest.services.Daemon$ServiceRunner run Merged Membership list member {
  ip: "10.0.0.18"
  timestamp: 1443847161472
  hearbeat: 15
}

2015-10-02 21:39:21 INFO tempest.services.Daemon$DaemonClient run Updated Membership list member {
  ip: "10.0.0.18"
  timestamp: 1443847161984
  hearbeat: 16
}

2015-10-02 21:39:21 INFO tempest.services.Daemon$DaemonClient$ClientCommandExecutor execute Sending membershipList to Daemon server on machine fa15-cs425-g03-01.cs.illinois.edu
2015-10-02 21:39:21 INFO tempest.services.Daemon$DaemonClient$ClientCommandExecutor execute Sending membershipList to Daemon server on machine swapnas-MacBook-Air.local
2015-10-02 21:39:21 INFO tempest.services.Daemon$DaemonClient$ClientCommandExecutor execute Sending membershipList to Daemon server on machine fa15-cs425-g03-07.cs.illinois.edu
2015-10-02 21:39:21 INFO tempest.services.Daemon$DaemonClient$ClientCommandExecutor execute Sending membershipList to Daemon server on machine fa15-cs425-g03-06.cs.illinois.edu
2015-10-02 21:39:21 INFO tempest.services.Daemon$ServiceRunner run Current Membership list member {
  ip: "10.0.0.18"
  timestamp: 1443847161984
  hearbeat: 16
}

2015-10-02 21:39:21 INFO tempest.services.Daemon$DaemonClient$ClientCommandExecutor execute Sending membershipList to Daemon server on machine fa15-cs425-g03-05.cs.illinois.edu
2015-10-02 21:39:21 INFO tempest.services.Daemon$ServiceRunner run Recieved Membership list member {
  ip: "10.0.0.18"
  timestamp: 1443847161984
  hearbeat: 16
}

2015-10-02 21:39:21 INFO tempest.services.Daemon$DaemonClient$ClientCommandExecutor execute Sending membershipList to Daemon server on machine fa15-cs425-g03-04.cs.illinois.edu
2015-10-02 21:39:21 INFO tempest.services.Daemon$ServiceRunner run Merged Membership list member {
  ip: "10.0.0.18"
  timestamp: 1443847161984
  hearbeat: 16
}

2015-10-02 21:39:21 INFO tempest.services.Daemon$DaemonClient$ClientCommandExecutor execute Sending membershipList to Daemon server on machine fa15-cs425-g03-03.cs.illinois.edu
2015-10-02 21:39:21 INFO tempest.services.Daemon$DaemonClient$ClientCommandExecutor execute Sending membershipList to Daemon server on machine fa15-cs425-g03-02.cs.illinois.edu
2015-10-02 21:39:22 INFO tempest.services.Daemon$DaemonClient run Updated Membership list member {
  ip: "10.0.0.18"
  timestamp: 1443847162504
  hearbeat: 17
}

2015-10-02 21:39:22 INFO tempest.services.Daemon$DaemonClient$ClientCommandExecutor execute Sending membershipList to Daemon server on machine fa15-cs425-g03-01.cs.illinois.edu
2015-10-02 21:39:22 INFO tempest.services.Daemon$DaemonClient$ClientCommandExecutor execute Sending membershipList to Daemon server on machine swapnas-MacBook-Air.local
2015-10-02 21:39:22 INFO tempest.services.Daemon$DaemonClient$ClientCommandExecutor execute Sending membershipList to Daemon server on machine fa15-cs425-g03-07.cs.illinois.edu
2015-10-02 21:39:22 INFO tempest.services.Daemon$DaemonClient$ClientCommandExecutor execute Sending membershipList to Daemon server on machine fa15-cs425-g03-06.cs.illinois.edu
2015-10-02 21:39:22 INFO tempest.services.Daemon$DaemonClient$ClientCommandExecutor execute Sending membershipList to Daemon server on machine fa15-cs425-g03-05.cs.illinois.edu
2015-10-02 21:39:22 INFO tempest.services.Daemon$DaemonClient$ClientCommandExecutor execute Sending membershipList to Daemon server on machine fa15-cs425-g03-04.cs.illinois.edu
2015-10-02 21:39:22 INFO tempest.services.Daemon$DaemonClient$ClientCommandExecutor execute Sending membershipList to Daemon server on machine fa15-cs425-g03-03.cs.illinois.edu
2015-10-02 21:39:22 INFO tempest.services.Daemon$DaemonClient$ClientCommandExecutor execute Sending membershipList to Daemon server on machine fa15-cs425-g03-02.cs.illinois.edu
2015-10-02 21:39:22 INFO tempest.services.Daemon$ServiceRunner run Current Membership list member {
  ip: "10.0.0.18"
  timestamp: 1443847162504
  hearbeat: 17
}

2015-10-02 21:39:22 INFO tempest.services.Daemon$ServiceRunner run Recieved Membership list member {
  ip: "10.0.0.18"
  timestamp: 1443847162504
  hearbeat: 17
}

2015-10-02 21:39:22 INFO tempest.services.Daemon$ServiceRunner run Merged Membership list member {
  ip: "10.0.0.18"
  timestamp: 1443847162504
  hearbeat: 17
}

