2015-10-02 21:28:21 INFO tempest.services.Daemon$ServiceRunner run Started Daemon server onswapnas-MacBook-Air.local
2015-10-02 21:28:21 INFO tempest.services.Daemon$DaemonClient run Updated Membership listmember {
  ip: "10.0.0.18"
  timestamp: 1443846501601
  hearbeat: 2
}

2015-10-02 21:28:21 INFO tempest.services.Daemon$DaemonClient$ClientCommandExecutor execute Sending membershipList to Daemon server on machine swapnas-MacBook-Air.local
2015-10-02 21:28:21 INFO tempest.services.Daemon$DaemonClient$ClientCommandExecutor execute Sending membershipList to Daemon server on machine fa15-cs425-g03-01.cs.illinois.edu
2015-10-02 21:28:21 INFO tempest.services.Daemon$ServiceRunner run Recieved Membership listmember {
  ip: "10.0.0.18"
  timestamp: 1443846501601
  hearbeat: 2
}

2015-10-02 21:28:21 INFO tempest.services.Daemon$ServiceRunner run Merged Membership listmember {
  ip: "10.0.0.18"
  timestamp: 1443846501601
  hearbeat: 2
}

2015-10-02 21:28:22 INFO tempest.services.Daemon$DaemonClient run Updated Membership listmember {
  ip: "10.0.0.18"
  timestamp: 1443846502202
  hearbeat: 3
}

2015-10-02 21:28:22 INFO tempest.services.Daemon$DaemonClient$ClientCommandExecutor execute Sending membershipList to Daemon server on machine swapnas-MacBook-Air.local
2015-10-02 21:28:22 INFO tempest.services.Daemon$DaemonClient$ClientCommandExecutor execute Sending membershipList to Daemon server on machine fa15-cs425-g03-01.cs.illinois.edu
2015-10-02 21:28:22 INFO tempest.services.Daemon$ServiceRunner run Recieved Membership listmember {
  ip: "10.0.0.18"
  timestamp: 1443846502202
  hearbeat: 3
}

2015-10-02 21:28:22 INFO tempest.services.Daemon$ServiceRunner run Merged Membership listmember {
  ip: "10.0.0.18"
  timestamp: 1443846502202
  hearbeat: 3
}

2015-10-02 21:28:22 INFO tempest.services.Daemon$DaemonClient run Updated Membership listmember {
  ip: "10.0.0.18"
  timestamp: 1443846502713
  hearbeat: 4
}

2015-10-02 21:28:22 INFO tempest.services.Daemon$DaemonClient$ClientCommandExecutor execute Sending membershipList to Daemon server on machine fa15-cs425-g03-01.cs.illinois.edu
2015-10-02 21:28:22 INFO tempest.services.Daemon$DaemonClient$ClientCommandExecutor execute Sending membershipList to Daemon server on machine swapnas-MacBook-Air.local
2015-10-02 21:28:22 INFO tempest.services.Daemon$ServiceRunner run Recieved Membership listmember {
  ip: "10.0.0.18"
  timestamp: 1443846502713
  hearbeat: 4
}

2015-10-02 21:28:22 INFO tempest.services.Daemon$ServiceRunner run Merged Membership listmember {
  ip: "10.0.0.18"
  timestamp: 1443846502713
  hearbeat: 4
}

2015-10-02 21:28:23 INFO tempest.services.Daemon$DaemonClient run Updated Membership listmember {
  ip: "10.0.0.18"
  timestamp: 1443846503226
  hearbeat: 5
}

2015-10-02 21:28:23 INFO tempest.services.Daemon$DaemonClient$ClientCommandExecutor execute Sending membershipList to Daemon server on machine fa15-cs425-g03-01.cs.illinois.edu
2015-10-02 21:28:23 INFO tempest.services.Daemon$DaemonClient$ClientCommandExecutor execute Sending membershipList to Daemon server on machine swapnas-MacBook-Air.local
2015-10-02 21:28:23 INFO tempest.services.Daemon$ServiceRunner run Recieved Membership listmember {
  ip: "10.0.0.18"
  timestamp: 1443846503226
  hearbeat: 5
}

2015-10-02 21:28:23 INFO tempest.services.Daemon$ServiceRunner run Merged Membership listmember {
  ip: "10.0.0.18"
  timestamp: 1443846503226
  hearbeat: 5
}

2015-10-02 21:28:23 INFO tempest.services.Daemon$DaemonClient run Updated Membership listmember {
  ip: "10.0.0.18"
  timestamp: 1443846503737
  hearbeat: 6
}

2015-10-02 21:28:23 INFO tempest.services.Daemon$DaemonClient$ClientCommandExecutor execute Sending membershipList to Daemon server on machine swapnas-MacBook-Air.local
2015-10-02 21:28:23 INFO tempest.services.Daemon$DaemonClient$ClientCommandExecutor execute Sending membershipList to Daemon server on machine fa15-cs425-g03-01.cs.illinois.edu
2015-10-02 21:28:23 INFO tempest.services.Daemon$ServiceRunner run Recieved Membership listmember {
  ip: "10.0.0.18"
  timestamp: 1443846503737
  hearbeat: 6
}

2015-10-02 21:28:23 INFO tempest.services.Daemon$ServiceRunner run Merged Membership listmember {
  ip: "10.0.0.18"
  timestamp: 1443846503737
  hearbeat: 6
}

2015-10-02 21:28:24 INFO tempest.services.Daemon$DaemonClient run Updated Membership listmember {
  ip: "10.0.0.18"
  timestamp: 1443846504251
  hearbeat: 7
}

2015-10-02 21:28:24 INFO tempest.services.Daemon$DaemonClient$ClientCommandExecutor execute Sending membershipList to Daemon server on machine fa15-cs425-g03-01.cs.illinois.edu
2015-10-02 21:28:24 INFO tempest.services.Daemon$DaemonClient$ClientCommandExecutor execute Sending membershipList to Daemon server on machine swapnas-MacBook-Air.local
2015-10-02 21:28:24 INFO tempest.services.Daemon$ServiceRunner run Recieved Membership listmember {
  ip: "10.0.0.18"
  timestamp: 1443846504251
  hearbeat: 7
}

2015-10-02 21:28:24 INFO tempest.services.Daemon$ServiceRunner run Merged Membership listmember {
  ip: "10.0.0.18"
  timestamp: 1443846504251
  hearbeat: 7
}

2015-10-02 21:28:24 INFO tempest.services.Daemon$DaemonClient run Updated Membership listmember {
  ip: "10.0.0.18"
  timestamp: 1443846504768
  hearbeat: 8
}

2015-10-02 21:28:24 INFO tempest.services.Daemon$DaemonClient$ClientCommandExecutor execute Sending membershipList to Daemon server on machine swapnas-MacBook-Air.local
2015-10-02 21:28:24 INFO tempest.services.Daemon$DaemonClient$ClientCommandExecutor execute Sending membershipList to Daemon server on machine fa15-cs425-g03-01.cs.illinois.edu
2015-10-02 21:28:24 INFO tempest.services.Daemon$ServiceRunner run Recieved Membership listmember {
  ip: "10.0.0.18"
  timestamp: 1443846504768
  hearbeat: 8
}

2015-10-02 21:28:24 INFO tempest.services.Daemon$ServiceRunner run Merged Membership listmember {
  ip: "10.0.0.18"
  timestamp: 1443846504768
  hearbeat: 8
}

2015-10-02 21:28:25 INFO tempest.services.Daemon$DaemonClient run Updated Membership listmember {
  ip: "10.0.0.18"
  timestamp: 1443846505281
  hearbeat: 9
}

2015-10-02 21:28:25 INFO tempest.services.Daemon$DaemonClient$ClientCommandExecutor execute Sending membershipList to Daemon server on machine swapnas-MacBook-Air.local
2015-10-02 21:28:25 INFO tempest.services.Daemon$DaemonClient$ClientCommandExecutor execute Sending membershipList to Daemon server on machine fa15-cs425-g03-01.cs.illinois.edu
2015-10-02 21:28:25 INFO tempest.services.Daemon$ServiceRunner run Recieved Membership listmember {
  ip: "10.0.0.18"
  timestamp: 1443846505281
  hearbeat: 9
}

2015-10-02 21:28:25 INFO tempest.services.Daemon$ServiceRunner run Merged Membership listmember {
  ip: "10.0.0.18"
  timestamp: 1443846505281
  hearbeat: 9
}

2015-10-02 21:28:25 INFO tempest.services.Daemon$DaemonClient run Updated Membership listmember {
  ip: "10.0.0.18"
  timestamp: 1443846505790
  hearbeat: 10
}

2015-10-02 21:28:25 INFO tempest.services.Daemon$DaemonClient$ClientCommandExecutor execute Sending membershipList to Daemon server on machine swapnas-MacBook-Air.local
2015-10-02 21:28:25 INFO tempest.services.Daemon$DaemonClient$ClientCommandExecutor execute Sending membershipList to Daemon server on machine fa15-cs425-g03-01.cs.illinois.edu
2015-10-02 21:28:25 INFO tempest.services.Daemon$ServiceRunner run Recieved Membership listmember {
  ip: "10.0.0.18"
  timestamp: 1443846505790
  hearbeat: 10
}

2015-10-02 21:28:25 INFO tempest.services.Daemon$ServiceRunner run Merged Membership listmember {
  ip: "10.0.0.18"
  timestamp: 1443846505790
  hearbeat: 10
}

2015-10-02 21:28:26 INFO tempest.services.Daemon$DaemonClient run Updated Membership listmember {
  ip: "10.0.0.18"
  timestamp: 1443846506301
  hearbeat: 11
}

2015-10-02 21:28:26 INFO tempest.services.Daemon$DaemonClient$ClientCommandExecutor execute Sending membershipList to Daemon server on machine fa15-cs425-g03-01.cs.illinois.edu
2015-10-02 21:28:26 INFO tempest.services.Daemon$DaemonClient$ClientCommandExecutor execute Sending membershipList to Daemon server on machine swapnas-MacBook-Air.local
2015-10-02 21:28:26 INFO tempest.services.Daemon$ServiceRunner run Recieved Membership listmember {
  ip: "10.0.0.18"
  timestamp: 1443846506301
  hearbeat: 11
}

2015-10-02 21:28:26 INFO tempest.services.Daemon$ServiceRunner run Merged Membership listmember {
  ip: "10.0.0.18"
  timestamp: 1443846506301
  hearbeat: 11
}

2015-10-02 21:28:26 INFO tempest.services.Daemon$DaemonClient run Updated Membership listmember {
  ip: "10.0.0.18"
  timestamp: 1443846506811
  hearbeat: 12
}

2015-10-02 21:28:26 INFO tempest.services.Daemon$DaemonClient$ClientCommandExecutor execute Sending membershipList to Daemon server on machine swapnas-MacBook-Air.local
2015-10-02 21:28:26 INFO tempest.services.Daemon$DaemonClient$ClientCommandExecutor execute Sending membershipList to Daemon server on machine fa15-cs425-g03-01.cs.illinois.edu
2015-10-02 21:28:26 INFO tempest.services.Daemon$ServiceRunner run Recieved Membership listmember {
  ip: "10.0.0.18"
  timestamp: 1443846506811
  hearbeat: 12
}

2015-10-02 21:28:26 INFO tempest.services.Daemon$ServiceRunner run Merged Membership listmember {
  ip: "10.0.0.18"
  timestamp: 1443846506811
  hearbeat: 12
}

2015-10-02 21:28:27 INFO tempest.services.Daemon$DaemonClient run Updated Membership listmember {
  ip: "10.0.0.18"
  timestamp: 1443846507319
  hearbeat: 13
}

2015-10-02 21:28:27 INFO tempest.services.Daemon$DaemonClient$ClientCommandExecutor execute Sending membershipList to Daemon server on machine fa15-cs425-g03-01.cs.illinois.edu
2015-10-02 21:28:27 INFO tempest.services.Daemon$DaemonClient$ClientCommandExecutor execute Sending membershipList to Daemon server on machine swapnas-MacBook-Air.local
2015-10-02 21:28:27 INFO tempest.services.Daemon$ServiceRunner run Recieved Membership listmember {
  ip: "10.0.0.18"
  timestamp: 1443846507319
  hearbeat: 13
}

2015-10-02 21:28:27 INFO tempest.services.Daemon$ServiceRunner run Merged Membership listmember {
  ip: "10.0.0.18"
  timestamp: 1443846507319
  hearbeat: 13
}

2015-10-02 21:28:27 INFO tempest.services.Daemon$DaemonClient run Updated Membership listmember {
  ip: "10.0.0.18"
  timestamp: 1443846507827
  hearbeat: 14
}

2015-10-02 21:28:27 INFO tempest.services.Daemon$DaemonClient$ClientCommandExecutor execute Sending membershipList to Daemon server on machine swapnas-MacBook-Air.local
2015-10-02 21:28:27 INFO tempest.services.Daemon$DaemonClient$ClientCommandExecutor execute Sending membershipList to Daemon server on machine fa15-cs425-g03-01.cs.illinois.edu
2015-10-02 21:28:27 INFO tempest.services.Daemon$ServiceRunner run Recieved Membership listmember {
  ip: "10.0.0.18"
  timestamp: 1443846507827
  hearbeat: 14
}

2015-10-02 21:28:27 INFO tempest.services.Daemon$ServiceRunner run Merged Membership listmember {
  ip: "10.0.0.18"
  timestamp: 1443846507827
  hearbeat: 14
}

2015-10-02 21:28:28 INFO tempest.services.Daemon$DaemonClient run Updated Membership listmember {
  ip: "10.0.0.18"
  timestamp: 1443846508335
  hearbeat: 15
}

2015-10-02 21:28:28 INFO tempest.services.Daemon$DaemonClient$ClientCommandExecutor execute Sending membershipList to Daemon server on machine fa15-cs425-g03-01.cs.illinois.edu
2015-10-02 21:28:28 INFO tempest.services.Daemon$DaemonClient$ClientCommandExecutor execute Sending membershipList to Daemon server on machine swapnas-MacBook-Air.local
2015-10-02 21:28:28 INFO tempest.services.Daemon$ServiceRunner run Recieved Membership listmember {
  ip: "10.0.0.18"
  timestamp: 1443846508335
  hearbeat: 15
}

2015-10-02 21:28:28 INFO tempest.services.Daemon$ServiceRunner run Merged Membership listmember {
  ip: "10.0.0.18"
  timestamp: 1443846508335
  hearbeat: 15
}

2015-10-02 21:28:28 INFO tempest.services.Daemon$DaemonClient run Updated Membership listmember {
  ip: "10.0.0.18"
  timestamp: 1443846508844
  hearbeat: 16
}

2015-10-02 21:28:28 INFO tempest.services.Daemon$DaemonClient$ClientCommandExecutor execute Sending membershipList to Daemon server on machine fa15-cs425-g03-01.cs.illinois.edu
2015-10-02 21:28:28 INFO tempest.services.Daemon$DaemonClient$ClientCommandExecutor execute Sending membershipList to Daemon server on machine swapnas-MacBook-Air.local
2015-10-02 21:28:28 INFO tempest.services.Daemon$ServiceRunner run Recieved Membership listmember {
  ip: "10.0.0.18"
  timestamp: 1443846508844
  hearbeat: 16
}

2015-10-02 21:28:28 INFO tempest.services.Daemon$ServiceRunner run Merged Membership listmember {
  ip: "10.0.0.18"
  timestamp: 1443846508844
  hearbeat: 16
}

2015-10-02 21:28:29 INFO tempest.services.Daemon$DaemonClient run Updated Membership listmember {
  ip: "10.0.0.18"
  timestamp: 1443846509353
  hearbeat: 17
}

2015-10-02 21:28:29 INFO tempest.services.Daemon$DaemonClient$ClientCommandExecutor execute Sending membershipList to Daemon server on machine fa15-cs425-g03-01.cs.illinois.edu
2015-10-02 21:28:29 INFO tempest.services.Daemon$DaemonClient$ClientCommandExecutor execute Sending membershipList to Daemon server on machine swapnas-MacBook-Air.local
2015-10-02 21:28:29 INFO tempest.services.Daemon$ServiceRunner run Recieved Membership listmember {
  ip: "10.0.0.18"
  timestamp: 1443846509353
  hearbeat: 17
}

2015-10-02 21:28:29 INFO tempest.services.Daemon$ServiceRunner run Merged Membership listmember {
  ip: "10.0.0.18"
  timestamp: 1443846509353
  hearbeat: 17
}

2015-10-02 21:28:29 INFO tempest.services.Daemon$DaemonClient run Updated Membership listmember {
  ip: "10.0.0.18"
  timestamp: 1443846509863
  hearbeat: 18
}

2015-10-02 21:28:29 INFO tempest.services.Daemon$DaemonClient$ClientCommandExecutor execute Sending membershipList to Daemon server on machine fa15-cs425-g03-01.cs.illinois.edu
2015-10-02 21:28:29 INFO tempest.services.Daemon$DaemonClient$ClientCommandExecutor execute Sending membershipList to Daemon server on machine swapnas-MacBook-Air.local
2015-10-02 21:28:29 INFO tempest.services.Daemon$ServiceRunner run Recieved Membership listmember {
  ip: "10.0.0.18"
  timestamp: 1443846509863
  hearbeat: 18
}

2015-10-02 21:28:29 INFO tempest.services.Daemon$ServiceRunner run Merged Membership listmember {
  ip: "10.0.0.18"
  timestamp: 1443846509863
  hearbeat: 18
}

2015-10-02 21:28:30 INFO tempest.services.Daemon$DaemonClient run Updated Membership listmember {
  ip: "10.0.0.18"
  timestamp: 1443846510373
  hearbeat: 19
}

2015-10-02 21:28:30 INFO tempest.services.Daemon$DaemonClient$ClientCommandExecutor execute Sending membershipList to Daemon server on machine fa15-cs425-g03-01.cs.illinois.edu
2015-10-02 21:28:30 INFO tempest.services.Daemon$DaemonClient$ClientCommandExecutor execute Sending membershipList to Daemon server on machine swapnas-MacBook-Air.local
2015-10-02 21:28:30 INFO tempest.services.Daemon$ServiceRunner run Recieved Membership listmember {
  ip: "10.0.0.18"
  timestamp: 1443846510373
  hearbeat: 19
}

2015-10-02 21:28:30 INFO tempest.services.Daemon$ServiceRunner run Merged Membership listmember {
  ip: "10.0.0.18"
  timestamp: 1443846510373
  hearbeat: 19
}

2015-10-02 21:28:30 INFO tempest.services.Daemon$DaemonClient run Updated Membership listmember {
  ip: "10.0.0.18"
  timestamp: 1443846510883
  hearbeat: 20
}

2015-10-02 21:28:30 INFO tempest.services.Daemon$DaemonClient$ClientCommandExecutor execute Sending membershipList to Daemon server on machine fa15-cs425-g03-01.cs.illinois.edu
2015-10-02 21:28:30 INFO tempest.services.Daemon$DaemonClient$ClientCommandExecutor execute Sending membershipList to Daemon server on machine swapnas-MacBook-Air.local
2015-10-02 21:28:30 INFO tempest.services.Daemon$ServiceRunner run Recieved Membership listmember {
  ip: "10.0.0.18"
  timestamp: 1443846510883
  hearbeat: 20
}

2015-10-02 21:28:30 INFO tempest.services.Daemon$ServiceRunner run Merged Membership listmember {
  ip: "10.0.0.18"
  timestamp: 1443846510883
  hearbeat: 20
}

2015-10-02 21:28:31 INFO tempest.services.Daemon$DaemonClient run Updated Membership listmember {
  ip: "10.0.0.18"
  timestamp: 1443846511391
  hearbeat: 21
}

2015-10-02 21:28:31 INFO tempest.services.Daemon$DaemonClient$ClientCommandExecutor execute Sending membershipList to Daemon server on machine swapnas-MacBook-Air.local
2015-10-02 21:28:31 INFO tempest.services.Daemon$DaemonClient$ClientCommandExecutor execute Sending membershipList to Daemon server on machine fa15-cs425-g03-01.cs.illinois.edu
2015-10-02 21:28:31 INFO tempest.services.Daemon$ServiceRunner run Recieved Membership listmember {
  ip: "10.0.0.18"
  timestamp: 1443846511391
  hearbeat: 21
}

2015-10-02 21:28:31 INFO tempest.services.Daemon$ServiceRunner run Merged Membership listmember {
  ip: "10.0.0.18"
  timestamp: 1443846511391
  hearbeat: 21
}

2015-10-02 21:28:31 INFO tempest.services.Daemon$DaemonClient run Updated Membership listmember {
  ip: "10.0.0.18"
  timestamp: 1443846511901
  hearbeat: 22
}

2015-10-02 21:28:31 INFO tempest.services.Daemon$DaemonClient$ClientCommandExecutor execute Sending membershipList to Daemon server on machine swapnas-MacBook-Air.local
2015-10-02 21:28:31 INFO tempest.services.Daemon$DaemonClient$ClientCommandExecutor execute Sending membershipList to Daemon server on machine fa15-cs425-g03-01.cs.illinois.edu
2015-10-02 21:28:31 INFO tempest.services.Daemon$ServiceRunner run Recieved Membership listmember {
  ip: "10.0.0.18"
  timestamp: 1443846511901
  hearbeat: 22
}

2015-10-02 21:28:31 INFO tempest.services.Daemon$ServiceRunner run Merged Membership listmember {
  ip: "10.0.0.18"
  timestamp: 1443846511901
  hearbeat: 22
}

2015-10-02 21:28:32 INFO tempest.services.Daemon$DaemonClient run Updated Membership listmember {
  ip: "10.0.0.18"
  timestamp: 1443846512409
  hearbeat: 23
}

2015-10-02 21:28:32 INFO tempest.services.Daemon$DaemonClient$ClientCommandExecutor execute Sending membershipList to Daemon server on machine fa15-cs425-g03-01.cs.illinois.edu
2015-10-02 21:28:32 INFO tempest.services.Daemon$DaemonClient$ClientCommandExecutor execute Sending membershipList to Daemon server on machine swapnas-MacBook-Air.local
2015-10-02 21:28:32 INFO tempest.services.Daemon$ServiceRunner run Recieved Membership listmember {
  ip: "10.0.0.18"
  timestamp: 1443846512409
  hearbeat: 23
}

2015-10-02 21:28:32 INFO tempest.services.Daemon$ServiceRunner run Merged Membership listmember {
  ip: "10.0.0.18"
  timestamp: 1443846512409
  hearbeat: 23
}

2015-10-02 21:28:32 INFO tempest.services.Daemon$DaemonClient run Updated Membership listmember {
  ip: "10.0.0.18"
  timestamp: 1443846512917
  hearbeat: 24
}

2015-10-02 21:28:32 INFO tempest.services.Daemon$DaemonClient$ClientCommandExecutor execute Sending membershipList to Daemon server on machine fa15-cs425-g03-01.cs.illinois.edu
2015-10-02 21:28:32 INFO tempest.services.Daemon$DaemonClient$ClientCommandExecutor execute Sending membershipList to Daemon server on machine swapnas-MacBook-Air.local
2015-10-02 21:28:32 INFO tempest.services.Daemon$ServiceRunner run Recieved Membership listmember {
  ip: "10.0.0.18"
  timestamp: 1443846512917
  hearbeat: 24
}

2015-10-02 21:28:32 INFO tempest.services.Daemon$ServiceRunner run Merged Membership listmember {
  ip: "10.0.0.18"
  timestamp: 1443846512917
  hearbeat: 24
}

2015-10-02 21:28:33 INFO tempest.services.Daemon$DaemonClient run Updated Membership listmember {
  ip: "10.0.0.18"
  timestamp: 1443846513427
  hearbeat: 25
}

2015-10-02 21:28:33 INFO tempest.services.Daemon$DaemonClient$ClientCommandExecutor execute Sending membershipList to Daemon server on machine fa15-cs425-g03-01.cs.illinois.edu
2015-10-02 21:28:33 INFO tempest.services.Daemon$DaemonClient$ClientCommandExecutor execute Sending membershipList to Daemon server on machine swapnas-MacBook-Air.local
2015-10-02 21:28:33 INFO tempest.services.Daemon$ServiceRunner run Recieved Membership listmember {
  ip: "10.0.0.18"
  timestamp: 1443846513427
  hearbeat: 25
}

2015-10-02 21:28:33 INFO tempest.services.Daemon$ServiceRunner run Merged Membership listmember {
  ip: "10.0.0.18"
  timestamp: 1443846513427
  hearbeat: 25
}

2015-10-02 21:28:33 INFO tempest.services.Daemon$DaemonClient run Updated Membership listmember {
  ip: "10.0.0.18"
  timestamp: 1443846513937
  hearbeat: 26
}

2015-10-02 21:28:33 INFO tempest.services.Daemon$DaemonClient$ClientCommandExecutor execute Sending membershipList to Daemon server on machine fa15-cs425-g03-01.cs.illinois.edu
2015-10-02 21:28:33 INFO tempest.services.Daemon$DaemonClient$ClientCommandExecutor execute Sending membershipList to Daemon server on machine swapnas-MacBook-Air.local
2015-10-02 21:28:33 INFO tempest.services.Daemon$ServiceRunner run Recieved Membership listmember {
  ip: "10.0.0.18"
  timestamp: 1443846513937
  hearbeat: 26
}

2015-10-02 21:28:33 INFO tempest.services.Daemon$ServiceRunner run Merged Membership listmember {
  ip: "10.0.0.18"
  timestamp: 1443846513937
  hearbeat: 26
}

2015-10-02 21:28:34 INFO tempest.services.Daemon$DaemonClient run Updated Membership listmember {
  ip: "10.0.0.18"
  timestamp: 1443846514446
  hearbeat: 27
}

2015-10-02 21:28:34 INFO tempest.services.Daemon$DaemonClient$ClientCommandExecutor execute Sending membershipList to Daemon server on machine fa15-cs425-g03-01.cs.illinois.edu
2015-10-02 21:28:34 INFO tempest.services.Daemon$DaemonClient$ClientCommandExecutor execute Sending membershipList to Daemon server on machine swapnas-MacBook-Air.local
2015-10-02 21:28:34 INFO tempest.services.Daemon$ServiceRunner run Recieved Membership listmember {
  ip: "10.0.0.18"
  timestamp: 1443846514446
  hearbeat: 27
}

2015-10-02 21:28:34 INFO tempest.services.Daemon$ServiceRunner run Merged Membership listmember {
  ip: "10.0.0.18"
  timestamp: 1443846514446
  hearbeat: 27
}

2015-10-02 21:28:34 INFO tempest.services.Daemon$DaemonClient run Updated Membership listmember {
  ip: "10.0.0.18"
  timestamp: 1443846514956
  hearbeat: 28
}

2015-10-02 21:28:34 INFO tempest.services.Daemon$DaemonClient$ClientCommandExecutor execute Sending membershipList to Daemon server on machine swapnas-MacBook-Air.local
2015-10-02 21:28:34 INFO tempest.services.Daemon$DaemonClient$ClientCommandExecutor execute Sending membershipList to Daemon server on machine fa15-cs425-g03-01.cs.illinois.edu
2015-10-02 21:28:34 INFO tempest.services.Daemon$ServiceRunner run Recieved Membership listmember {
  ip: "10.0.0.18"
  timestamp: 1443846514956
  hearbeat: 28
}

2015-10-02 21:28:34 INFO tempest.services.Daemon$ServiceRunner run Merged Membership listmember {
  ip: "10.0.0.18"
  timestamp: 1443846514956
  hearbeat: 28
}

2015-10-02 21:28:35 INFO tempest.services.Daemon$DaemonClient run Updated Membership listmember {
  ip: "10.0.0.18"
  timestamp: 1443846515463
  hearbeat: 29
}

2015-10-02 21:28:35 INFO tempest.services.Daemon$DaemonClient$ClientCommandExecutor execute Sending membershipList to Daemon server on machine fa15-cs425-g03-01.cs.illinois.edu
2015-10-02 21:28:35 INFO tempest.services.Daemon$DaemonClient$ClientCommandExecutor execute Sending membershipList to Daemon server on machine swapnas-MacBook-Air.local
2015-10-02 21:28:35 INFO tempest.services.Daemon$ServiceRunner run Recieved Membership listmember {
  ip: "10.0.0.18"
  timestamp: 1443846515463
  hearbeat: 29
}

2015-10-02 21:28:35 INFO tempest.services.Daemon$ServiceRunner run Merged Membership listmember {
  ip: "10.0.0.18"
  timestamp: 1443846515463
  hearbeat: 29
}

2015-10-02 21:28:35 INFO tempest.services.Daemon$DaemonClient run Updated Membership listmember {
  ip: "10.0.0.18"
  timestamp: 1443846515972
  hearbeat: 30
}

2015-10-02 21:28:35 INFO tempest.services.Daemon$DaemonClient$ClientCommandExecutor execute Sending membershipList to Daemon server on machine swapnas-MacBook-Air.local
2015-10-02 21:28:35 INFO tempest.services.Daemon$DaemonClient$ClientCommandExecutor execute Sending membershipList to Daemon server on machine fa15-cs425-g03-01.cs.illinois.edu
2015-10-02 21:28:35 INFO tempest.services.Daemon$ServiceRunner run Recieved Membership listmember {
  ip: "10.0.0.18"
  timestamp: 1443846515972
  hearbeat: 30
}

2015-10-02 21:28:35 INFO tempest.services.Daemon$ServiceRunner run Merged Membership listmember {
  ip: "10.0.0.18"
  timestamp: 1443846515972
  hearbeat: 30
}

2015-10-02 21:28:36 INFO tempest.services.Daemon$DaemonClient run Updated Membership listmember {
  ip: "10.0.0.18"
  timestamp: 1443846516478
  hearbeat: 31
}

2015-10-02 21:28:36 INFO tempest.services.Daemon$DaemonClient$ClientCommandExecutor execute Sending membershipList to Daemon server on machine fa15-cs425-g03-01.cs.illinois.edu
2015-10-02 21:28:36 INFO tempest.services.Daemon$DaemonClient$ClientCommandExecutor execute Sending membershipList to Daemon server on machine swapnas-MacBook-Air.local
2015-10-02 21:28:36 INFO tempest.services.Daemon$ServiceRunner run Recieved Membership listmember {
  ip: "10.0.0.18"
  timestamp: 1443846516478
  hearbeat: 31
}

2015-10-02 21:28:36 INFO tempest.services.Daemon$ServiceRunner run Merged Membership listmember {
  ip: "10.0.0.18"
  timestamp: 1443846516478
  hearbeat: 31
}

2015-10-02 21:28:36 INFO tempest.services.Daemon$DaemonClient run Updated Membership listmember {
  ip: "10.0.0.18"
  timestamp: 1443846516988
  hearbeat: 32
}

2015-10-02 21:28:36 INFO tempest.services.Daemon$DaemonClient$ClientCommandExecutor execute Sending membershipList to Daemon server on machine fa15-cs425-g03-01.cs.illinois.edu
2015-10-02 21:28:36 INFO tempest.services.Daemon$DaemonClient$ClientCommandExecutor execute Sending membershipList to Daemon server on machine swapnas-MacBook-Air.local
2015-10-02 21:28:36 INFO tempest.services.Daemon$ServiceRunner run Recieved Membership listmember {
  ip: "10.0.0.18"
  timestamp: 1443846516988
  hearbeat: 32
}

2015-10-02 21:28:36 INFO tempest.services.Daemon$ServiceRunner run Merged Membership listmember {
  ip: "10.0.0.18"
  timestamp: 1443846516988
  hearbeat: 32
}

2015-10-02 21:28:37 INFO tempest.services.Daemon$DaemonClient run Updated Membership listmember {
  ip: "10.0.0.18"
  timestamp: 1443846517497
  hearbeat: 33
}

2015-10-02 21:28:37 INFO tempest.services.Daemon$DaemonClient$ClientCommandExecutor execute Sending membershipList to Daemon server on machine fa15-cs425-g03-01.cs.illinois.edu
2015-10-02 21:28:37 INFO tempest.services.Daemon$DaemonClient$ClientCommandExecutor execute Sending membershipList to Daemon server on machine swapnas-MacBook-Air.local
2015-10-02 21:28:37 INFO tempest.services.Daemon$ServiceRunner run Recieved Membership listmember {
  ip: "10.0.0.18"
  timestamp: 1443846517497
  hearbeat: 33
}

2015-10-02 21:28:37 INFO tempest.services.Daemon$ServiceRunner run Merged Membership listmember {
  ip: "10.0.0.18"
  timestamp: 1443846517497
  hearbeat: 33
}

2015-10-02 21:28:38 INFO tempest.services.Daemon$DaemonClient run Updated Membership listmember {
  ip: "10.0.0.18"
  timestamp: 1443846518006
  hearbeat: 34
}

2015-10-02 21:28:38 INFO tempest.services.Daemon$DaemonClient$ClientCommandExecutor execute Sending membershipList to Daemon server on machine fa15-cs425-g03-01.cs.illinois.edu
2015-10-02 21:28:38 INFO tempest.services.Daemon$DaemonClient$ClientCommandExecutor execute Sending membershipList to Daemon server on machine swapnas-MacBook-Air.local
2015-10-02 21:28:38 INFO tempest.services.Daemon$ServiceRunner run Recieved Membership listmember {
  ip: "10.0.0.18"
  timestamp: 1443846518006
  hearbeat: 34
}

2015-10-02 21:28:38 INFO tempest.services.Daemon$ServiceRunner run Merged Membership listmember {
  ip: "10.0.0.18"
  timestamp: 1443846518006
  hearbeat: 34
}

2015-10-02 21:28:38 INFO tempest.services.Daemon$DaemonClient run Updated Membership listmember {
  ip: "10.0.0.18"
  timestamp: 1443846518513
  hearbeat: 35
}

2015-10-02 21:28:38 INFO tempest.services.Daemon$DaemonClient$ClientCommandExecutor execute Sending membershipList to Daemon server on machine fa15-cs425-g03-01.cs.illinois.edu
2015-10-02 21:28:38 INFO tempest.services.Daemon$DaemonClient$ClientCommandExecutor execute Sending membershipList to Daemon server on machine swapnas-MacBook-Air.local
2015-10-02 21:28:38 INFO tempest.services.Daemon$ServiceRunner run Recieved Membership listmember {
  ip: "10.0.0.18"
  timestamp: 1443846518513
  hearbeat: 35
}

2015-10-02 21:28:38 INFO tempest.services.Daemon$ServiceRunner run Merged Membership listmember {
  ip: "10.0.0.18"
  timestamp: 1443846518513
  hearbeat: 35
}

2015-10-02 21:28:39 INFO tempest.services.Daemon$DaemonClient run Updated Membership listmember {
  ip: "10.0.0.18"
  timestamp: 1443846519021
  hearbeat: 36
}

2015-10-02 21:28:39 INFO tempest.services.Daemon$DaemonClient$ClientCommandExecutor execute Sending membershipList to Daemon server on machine swapnas-MacBook-Air.local
2015-10-02 21:28:39 INFO tempest.services.Daemon$DaemonClient$ClientCommandExecutor execute Sending membershipList to Daemon server on machine fa15-cs425-g03-01.cs.illinois.edu
2015-10-02 21:28:39 INFO tempest.services.Daemon$ServiceRunner run Recieved Membership listmember {
  ip: "10.0.0.18"
  timestamp: 1443846519021
  hearbeat: 36
}

2015-10-02 21:28:39 INFO tempest.services.Daemon$ServiceRunner run Merged Membership listmember {
  ip: "10.0.0.18"
  timestamp: 1443846519021
  hearbeat: 36
}

2015-10-02 21:28:39 INFO tempest.services.Daemon$DaemonClient run Updated Membership listmember {
  ip: "10.0.0.18"
  timestamp: 1443846519529
  hearbeat: 37
}

2015-10-02 21:28:39 INFO tempest.services.Daemon$DaemonClient$ClientCommandExecutor execute Sending membershipList to Daemon server on machine fa15-cs425-g03-01.cs.illinois.edu
2015-10-02 21:28:39 INFO tempest.services.Daemon$DaemonClient$ClientCommandExecutor execute Sending membershipList to Daemon server on machine swapnas-MacBook-Air.local
2015-10-02 21:28:39 INFO tempest.services.Daemon$ServiceRunner run Recieved Membership listmember {
  ip: "10.0.0.18"
  timestamp: 1443846519529
  hearbeat: 37
}

2015-10-02 21:28:39 INFO tempest.services.Daemon$ServiceRunner run Merged Membership listmember {
  ip: "10.0.0.18"
  timestamp: 1443846519529
  hearbeat: 37
}

2015-10-02 21:28:40 INFO tempest.services.Daemon$DaemonClient run Updated Membership listmember {
  ip: "10.0.0.18"
  timestamp: 1443846520038
  hearbeat: 38
}

2015-10-02 21:28:40 INFO tempest.services.Daemon$DaemonClient$ClientCommandExecutor execute Sending membershipList to Daemon server on machine fa15-cs425-g03-01.cs.illinois.edu
2015-10-02 21:28:40 INFO tempest.services.Daemon$DaemonClient$ClientCommandExecutor execute Sending membershipList to Daemon server on machine swapnas-MacBook-Air.local
2015-10-02 21:28:40 INFO tempest.services.Daemon$ServiceRunner run Recieved Membership listmember {
  ip: "10.0.0.18"
  timestamp: 1443846520038
  hearbeat: 38
}

2015-10-02 21:28:40 INFO tempest.services.Daemon$ServiceRunner run Merged Membership listmember {
  ip: "10.0.0.18"
  timestamp: 1443846520038
  hearbeat: 38
}

2015-10-02 21:28:40 INFO tempest.services.Daemon$DaemonClient run Updated Membership listmember {
  ip: "10.0.0.18"
  timestamp: 1443846520547
  hearbeat: 39
}

2015-10-02 21:28:40 INFO tempest.services.Daemon$DaemonClient$ClientCommandExecutor execute Sending membershipList to Daemon server on machine fa15-cs425-g03-01.cs.illinois.edu
2015-10-02 21:28:40 INFO tempest.services.Daemon$DaemonClient$ClientCommandExecutor execute Sending membershipList to Daemon server on machine swapnas-MacBook-Air.local
2015-10-02 21:28:40 INFO tempest.services.Daemon$ServiceRunner run Recieved Membership listmember {
  ip: "10.0.0.18"
  timestamp: 1443846520547
  hearbeat: 39
}

2015-10-02 21:28:40 INFO tempest.services.Daemon$ServiceRunner run Merged Membership listmember {
  ip: "10.0.0.18"
  timestamp: 1443846520547
  hearbeat: 39
}

2015-10-02 21:28:41 INFO tempest.services.Daemon$DaemonClient run Updated Membership listmember {
  ip: "10.0.0.18"
  timestamp: 1443846521055
  hearbeat: 40
}

2015-10-02 21:28:41 INFO tempest.services.Daemon$DaemonClient$ClientCommandExecutor execute Sending membershipList to Daemon server on machine fa15-cs425-g03-01.cs.illinois.edu
2015-10-02 21:28:41 INFO tempest.services.Daemon$DaemonClient$ClientCommandExecutor execute Sending membershipList to Daemon server on machine swapnas-MacBook-Air.local
2015-10-02 21:28:41 INFO tempest.services.Daemon$ServiceRunner run Recieved Membership listmember {
  ip: "10.0.0.18"
  timestamp: 1443846521055
  hearbeat: 40
}

2015-10-02 21:28:41 INFO tempest.services.Daemon$ServiceRunner run Merged Membership listmember {
  ip: "10.0.0.18"
  timestamp: 1443846521055
  hearbeat: 40
}

2015-10-02 21:28:41 INFO tempest.services.Daemon$DaemonClient run Updated Membership listmember {
  ip: "10.0.0.18"
  timestamp: 1443846521562
  hearbeat: 41
}

2015-10-02 21:28:41 INFO tempest.services.Daemon$DaemonClient$ClientCommandExecutor execute Sending membershipList to Daemon server on machine fa15-cs425-g03-01.cs.illinois.edu
2015-10-02 21:28:41 INFO tempest.services.Daemon$DaemonClient$ClientCommandExecutor execute Sending membershipList to Daemon server on machine swapnas-MacBook-Air.local
2015-10-02 21:28:41 INFO tempest.services.Daemon$ServiceRunner run Recieved Membership listmember {
  ip: "10.0.0.18"
  timestamp: 1443846521562
  hearbeat: 41
}

2015-10-02 21:28:41 INFO tempest.services.Daemon$ServiceRunner run Merged Membership listmember {
  ip: "10.0.0.18"
  timestamp: 1443846521562
  hearbeat: 41
}

2015-10-02 21:28:42 INFO tempest.services.Daemon$DaemonClient run Updated Membership listmember {
  ip: "10.0.0.18"
  timestamp: 1443846522070
  hearbeat: 42
}

2015-10-02 21:28:42 INFO tempest.services.Daemon$DaemonClient$ClientCommandExecutor execute Sending membershipList to Daemon server on machine fa15-cs425-g03-01.cs.illinois.edu
2015-10-02 21:28:42 INFO tempest.services.Daemon$DaemonClient$ClientCommandExecutor execute Sending membershipList to Daemon server on machine swapnas-MacBook-Air.local
2015-10-02 21:28:42 INFO tempest.services.Daemon$ServiceRunner run Recieved Membership listmember {
  ip: "10.0.0.18"
  timestamp: 1443846522070
  hearbeat: 42
}

2015-10-02 21:28:42 INFO tempest.services.Daemon$ServiceRunner run Merged Membership listmember {
  ip: "10.0.0.18"
  timestamp: 1443846522070
  hearbeat: 42
}

2015-10-02 21:28:42 INFO tempest.services.Daemon$DaemonClient run Updated Membership listmember {
  ip: "10.0.0.18"
  timestamp: 1443846522578
  hearbeat: 43
}

2015-10-02 21:28:42 INFO tempest.services.Daemon$DaemonClient$ClientCommandExecutor execute Sending membershipList to Daemon server on machine swapnas-MacBook-Air.local
2015-10-02 21:28:42 INFO tempest.services.Daemon$DaemonClient$ClientCommandExecutor execute Sending membershipList to Daemon server on machine fa15-cs425-g03-01.cs.illinois.edu
2015-10-02 21:28:42 INFO tempest.services.Daemon$ServiceRunner run Recieved Membership listmember {
  ip: "10.0.0.18"
  timestamp: 1443846522578
  hearbeat: 43
}

2015-10-02 21:28:42 INFO tempest.services.Daemon$ServiceRunner run Merged Membership listmember {
  ip: "10.0.0.18"
  timestamp: 1443846522578
  hearbeat: 43
}

2015-10-02 21:28:43 INFO tempest.services.Daemon$DaemonClient run Updated Membership listmember {
  ip: "10.0.0.18"
  timestamp: 1443846523087
  hearbeat: 44
}

2015-10-02 21:28:43 INFO tempest.services.Daemon$DaemonClient$ClientCommandExecutor execute Sending membershipList to Daemon server on machine fa15-cs425-g03-01.cs.illinois.edu
2015-10-02 21:28:43 INFO tempest.services.Daemon$DaemonClient$ClientCommandExecutor execute Sending membershipList to Daemon server on machine swapnas-MacBook-Air.local
2015-10-02 21:28:43 INFO tempest.services.Daemon$ServiceRunner run Recieved Membership listmember {
  ip: "10.0.0.18"
  timestamp: 1443846523087
  hearbeat: 44
}

2015-10-02 21:28:43 INFO tempest.services.Daemon$ServiceRunner run Merged Membership listmember {
  ip: "10.0.0.18"
  timestamp: 1443846523087
  hearbeat: 44
}

2015-10-02 21:28:43 INFO tempest.services.Daemon$DaemonClient run Updated Membership listmember {
  ip: "10.0.0.18"
  timestamp: 1443846523596
  hearbeat: 45
}

2015-10-02 21:28:43 INFO tempest.services.Daemon$DaemonClient$ClientCommandExecutor execute Sending membershipList to Daemon server on machine fa15-cs425-g03-01.cs.illinois.edu
2015-10-02 21:28:43 INFO tempest.services.Daemon$DaemonClient$ClientCommandExecutor execute Sending membershipList to Daemon server on machine swapnas-MacBook-Air.local
2015-10-02 21:28:43 INFO tempest.services.Daemon$ServiceRunner run Recieved Membership listmember {
  ip: "10.0.0.18"
  timestamp: 1443846523596
  hearbeat: 45
}

2015-10-02 21:28:43 INFO tempest.services.Daemon$ServiceRunner run Merged Membership listmember {
  ip: "10.0.0.18"
  timestamp: 1443846523596
  hearbeat: 45
}

2015-10-02 21:28:44 INFO tempest.services.Daemon$DaemonClient run Updated Membership listmember {
  ip: "10.0.0.18"
  timestamp: 1443846524101
  hearbeat: 46
}

2015-10-02 21:28:44 INFO tempest.services.Daemon$DaemonClient$ClientCommandExecutor execute Sending membershipList to Daemon server on machine swapnas-MacBook-Air.local
2015-10-02 21:28:44 INFO tempest.services.Daemon$DaemonClient$ClientCommandExecutor execute Sending membershipList to Daemon server on machine fa15-cs425-g03-01.cs.illinois.edu
2015-10-02 21:28:44 INFO tempest.services.Daemon$ServiceRunner run Recieved Membership listmember {
  ip: "10.0.0.18"
  timestamp: 1443846524101
  hearbeat: 46
}

2015-10-02 21:28:44 INFO tempest.services.Daemon$ServiceRunner run Merged Membership listmember {
  ip: "10.0.0.18"
  timestamp: 1443846524101
  hearbeat: 46
}

2015-10-02 21:28:44 INFO tempest.services.Daemon$DaemonClient run Updated Membership listmember {
  ip: "10.0.0.18"
  timestamp: 1443846524610
  hearbeat: 47
}

2015-10-02 21:28:44 INFO tempest.services.Daemon$DaemonClient$ClientCommandExecutor execute Sending membershipList to Daemon server on machine swapnas-MacBook-Air.local
2015-10-02 21:28:44 INFO tempest.services.Daemon$DaemonClient$ClientCommandExecutor execute Sending membershipList to Daemon server on machine fa15-cs425-g03-01.cs.illinois.edu
2015-10-02 21:28:44 INFO tempest.services.Daemon$ServiceRunner run Recieved Membership listmember {
  ip: "10.0.0.18"
  timestamp: 1443846524610
  hearbeat: 47
}

2015-10-02 21:28:44 INFO tempest.services.Daemon$ServiceRunner run Merged Membership listmember {
  ip: "10.0.0.18"
  timestamp: 1443846524610
  hearbeat: 47
}

2015-10-02 21:28:45 INFO tempest.services.Daemon$DaemonClient run Updated Membership listmember {
  ip: "10.0.0.18"
  timestamp: 1443846525118
  hearbeat: 48
}

2015-10-02 21:28:45 INFO tempest.services.Daemon$DaemonClient$ClientCommandExecutor execute Sending membershipList to Daemon server on machine fa15-cs425-g03-01.cs.illinois.edu
2015-10-02 21:28:45 INFO tempest.services.Daemon$DaemonClient$ClientCommandExecutor execute Sending membershipList to Daemon server on machine swapnas-MacBook-Air.local
2015-10-02 21:28:45 INFO tempest.services.Daemon$ServiceRunner run Recieved Membership listmember {
  ip: "10.0.0.18"
  timestamp: 1443846525118
  hearbeat: 48
}

2015-10-02 21:28:45 INFO tempest.services.Daemon$ServiceRunner run Merged Membership listmember {
  ip: "10.0.0.18"
  timestamp: 1443846525118
  hearbeat: 48
}

2015-10-02 21:28:45 INFO tempest.services.Daemon$DaemonClient run Updated Membership listmember {
  ip: "10.0.0.18"
  timestamp: 1443846525626
  hearbeat: 49
}

2015-10-02 21:28:45 INFO tempest.services.Daemon$DaemonClient$ClientCommandExecutor execute Sending membershipList to Daemon server on machine fa15-cs425-g03-01.cs.illinois.edu
2015-10-02 21:28:45 INFO tempest.services.Daemon$DaemonClient$ClientCommandExecutor execute Sending membershipList to Daemon server on machine swapnas-MacBook-Air.local
2015-10-02 21:28:45 INFO tempest.services.Daemon$ServiceRunner run Recieved Membership listmember {
  ip: "10.0.0.18"
  timestamp: 1443846525626
  hearbeat: 49
}

2015-10-02 21:28:45 INFO tempest.services.Daemon$ServiceRunner run Merged Membership listmember {
  ip: "10.0.0.18"
  timestamp: 1443846525626
  hearbeat: 49
}

2015-10-02 21:28:46 INFO tempest.services.Daemon$DaemonClient run Updated Membership listmember {
  ip: "10.0.0.18"
  timestamp: 1443846526135
  hearbeat: 50
}

2015-10-02 21:28:46 INFO tempest.services.Daemon$DaemonClient$ClientCommandExecutor execute Sending membershipList to Daemon server on machine fa15-cs425-g03-01.cs.illinois.edu
2015-10-02 21:28:46 INFO tempest.services.Daemon$DaemonClient$ClientCommandExecutor execute Sending membershipList to Daemon server on machine swapnas-MacBook-Air.local
2015-10-02 21:28:46 INFO tempest.services.Daemon$ServiceRunner run Recieved Membership listmember {
  ip: "10.0.0.18"
  timestamp: 1443846526135
  hearbeat: 50
}

2015-10-02 21:28:46 INFO tempest.services.Daemon$ServiceRunner run Merged Membership listmember {
  ip: "10.0.0.18"
  timestamp: 1443846526135
  hearbeat: 50
}

2015-10-02 21:28:46 INFO tempest.services.Daemon$DaemonClient run Updated Membership listmember {
  ip: "10.0.0.18"
  timestamp: 1443846526639
  hearbeat: 51
}

2015-10-02 21:28:46 INFO tempest.services.Daemon$DaemonClient$ClientCommandExecutor execute Sending membershipList to Daemon server on machine fa15-cs425-g03-01.cs.illinois.edu
2015-10-02 21:28:46 INFO tempest.services.Daemon$DaemonClient$ClientCommandExecutor execute Sending membershipList to Daemon server on machine swapnas-MacBook-Air.local
2015-10-02 21:28:46 INFO tempest.services.Daemon$ServiceRunner run Recieved Membership listmember {
  ip: "10.0.0.18"
  timestamp: 1443846526639
  hearbeat: 51
}

2015-10-02 21:28:46 INFO tempest.services.Daemon$ServiceRunner run Merged Membership listmember {
  ip: "10.0.0.18"
  timestamp: 1443846526639
  hearbeat: 51
}

2015-10-02 21:28:47 INFO tempest.services.Daemon$DaemonClient run Updated Membership listmember {
  ip: "10.0.0.18"
  timestamp: 1443846527144
  hearbeat: 52
}

2015-10-02 21:28:47 INFO tempest.services.Daemon$DaemonClient$ClientCommandExecutor execute Sending membershipList to Daemon server on machine fa15-cs425-g03-01.cs.illinois.edu
2015-10-02 21:28:47 INFO tempest.services.Daemon$DaemonClient$ClientCommandExecutor execute Sending membershipList to Daemon server on machine swapnas-MacBook-Air.local
2015-10-02 21:28:47 INFO tempest.services.Daemon$ServiceRunner run Recieved Membership listmember {
  ip: "10.0.0.18"
  timestamp: 1443846527144
  hearbeat: 52
}

2015-10-02 21:28:47 INFO tempest.services.Daemon$ServiceRunner run Merged Membership listmember {
  ip: "10.0.0.18"
  timestamp: 1443846527144
  hearbeat: 52
}

2015-10-02 21:28:47 INFO tempest.services.Daemon$DaemonClient run Updated Membership listmember {
  ip: "10.0.0.18"
  timestamp: 1443846527652
  hearbeat: 53
}

2015-10-02 21:28:47 INFO tempest.services.Daemon$DaemonClient$ClientCommandExecutor execute Sending membershipList to Daemon server on machine fa15-cs425-g03-01.cs.illinois.edu
2015-10-02 21:28:47 INFO tempest.services.Daemon$DaemonClient$ClientCommandExecutor execute Sending membershipList to Daemon server on machine swapnas-MacBook-Air.local
2015-10-02 21:28:47 INFO tempest.services.Daemon$ServiceRunner run Recieved Membership listmember {
  ip: "10.0.0.18"
  timestamp: 1443846527652
  hearbeat: 53
}

2015-10-02 21:28:47 INFO tempest.services.Daemon$ServiceRunner run Merged Membership listmember {
  ip: "10.0.0.18"
  timestamp: 1443846527652
  hearbeat: 53
}

2015-10-02 21:28:48 INFO tempest.services.Daemon$DaemonClient run Updated Membership listmember {
  ip: "10.0.0.18"
  timestamp: 1443846528156
  hearbeat: 54
}

2015-10-02 21:28:48 INFO tempest.services.Daemon$DaemonClient$ClientCommandExecutor execute Sending membershipList to Daemon server on machine fa15-cs425-g03-01.cs.illinois.edu
2015-10-02 21:28:48 INFO tempest.services.Daemon$DaemonClient$ClientCommandExecutor execute Sending membershipList to Daemon server on machine swapnas-MacBook-Air.local
2015-10-02 21:28:48 INFO tempest.services.Daemon$ServiceRunner run Recieved Membership listmember {
  ip: "10.0.0.18"
  timestamp: 1443846528156
  hearbeat: 54
}

2015-10-02 21:28:48 INFO tempest.services.Daemon$ServiceRunner run Merged Membership listmember {
  ip: "10.0.0.18"
  timestamp: 1443846528156
  hearbeat: 54
}

2015-10-02 21:28:48 INFO tempest.services.Daemon$DaemonClient run Updated Membership listmember {
  ip: "10.0.0.18"
  timestamp: 1443846528663
  hearbeat: 55
}

2015-10-02 21:28:48 INFO tempest.services.Daemon$DaemonClient$ClientCommandExecutor execute Sending membershipList to Daemon server on machine swapnas-MacBook-Air.local
2015-10-02 21:28:48 INFO tempest.services.Daemon$DaemonClient$ClientCommandExecutor execute Sending membershipList to Daemon server on machine fa15-cs425-g03-01.cs.illinois.edu
2015-10-02 21:28:48 INFO tempest.services.Daemon$ServiceRunner run Recieved Membership listmember {
  ip: "10.0.0.18"
  timestamp: 1443846528663
  hearbeat: 55
}

2015-10-02 21:28:48 INFO tempest.services.Daemon$ServiceRunner run Merged Membership listmember {
  ip: "10.0.0.18"
  timestamp: 1443846528663
  hearbeat: 55
}

2015-10-02 21:28:49 INFO tempest.services.Daemon$DaemonClient run Updated Membership listmember {
  ip: "10.0.0.18"
  timestamp: 1443846529168
  hearbeat: 56
}

2015-10-02 21:28:49 INFO tempest.services.Daemon$DaemonClient$ClientCommandExecutor execute Sending membershipList to Daemon server on machine fa15-cs425-g03-01.cs.illinois.edu
2015-10-02 21:28:49 INFO tempest.services.Daemon$DaemonClient$ClientCommandExecutor execute Sending membershipList to Daemon server on machine swapnas-MacBook-Air.local
2015-10-02 21:28:49 INFO tempest.services.Daemon$ServiceRunner run Recieved Membership listmember {
  ip: "10.0.0.18"
  timestamp: 1443846529168
  hearbeat: 56
}

2015-10-02 21:28:49 INFO tempest.services.Daemon$ServiceRunner run Merged Membership listmember {
  ip: "10.0.0.18"
  timestamp: 1443846529168
  hearbeat: 56
}

2015-10-02 21:28:49 INFO tempest.services.Daemon$DaemonClient run Updated Membership listmember {
  ip: "10.0.0.18"
  timestamp: 1443846529674
  hearbeat: 57
}

2015-10-02 21:28:49 INFO tempest.services.Daemon$DaemonClient$ClientCommandExecutor execute Sending membershipList to Daemon server on machine fa15-cs425-g03-01.cs.illinois.edu
2015-10-02 21:28:49 INFO tempest.services.Daemon$DaemonClient$ClientCommandExecutor execute Sending membershipList to Daemon server on machine swapnas-MacBook-Air.local
2015-10-02 21:28:49 INFO tempest.services.Daemon$ServiceRunner run Recieved Membership listmember {
  ip: "10.0.0.18"
  timestamp: 1443846529674
  hearbeat: 57
}

2015-10-02 21:28:49 INFO tempest.services.Daemon$ServiceRunner run Merged Membership listmember {
  ip: "10.0.0.18"
  timestamp: 1443846529674
  hearbeat: 57
}

2015-10-02 21:28:50 INFO tempest.services.Daemon$DaemonClient run Updated Membership listmember {
  ip: "10.0.0.18"
  timestamp: 1443846530178
  hearbeat: 58
}

2015-10-02 21:28:50 INFO tempest.services.Daemon$DaemonClient$ClientCommandExecutor execute Sending membershipList to Daemon server on machine fa15-cs425-g03-01.cs.illinois.edu
2015-10-02 21:28:50 INFO tempest.services.Daemon$DaemonClient$ClientCommandExecutor execute Sending membershipList to Daemon server on machine swapnas-MacBook-Air.local
2015-10-02 21:28:50 INFO tempest.services.Daemon$ServiceRunner run Recieved Membership listmember {
  ip: "10.0.0.18"
  timestamp: 1443846530178
  hearbeat: 58
}

2015-10-02 21:28:50 INFO tempest.services.Daemon$ServiceRunner run Merged Membership listmember {
  ip: "10.0.0.18"
  timestamp: 1443846530178
  hearbeat: 58
}

2015-10-02 21:28:50 INFO tempest.services.Daemon$DaemonClient run Updated Membership listmember {
  ip: "10.0.0.18"
  timestamp: 1443846530684
  hearbeat: 59
}

2015-10-02 21:28:50 INFO tempest.services.Daemon$DaemonClient$ClientCommandExecutor execute Sending membershipList to Daemon server on machine fa15-cs425-g03-01.cs.illinois.edu
2015-10-02 21:28:50 INFO tempest.services.Daemon$DaemonClient$ClientCommandExecutor execute Sending membershipList to Daemon server on machine swapnas-MacBook-Air.local
2015-10-02 21:28:50 INFO tempest.services.Daemon$ServiceRunner run Recieved Membership listmember {
  ip: "10.0.0.18"
  timestamp: 1443846530684
  hearbeat: 59
}

2015-10-02 21:28:50 INFO tempest.services.Daemon$ServiceRunner run Merged Membership listmember {
  ip: "10.0.0.18"
  timestamp: 1443846530684
  hearbeat: 59
}

2015-10-02 21:28:51 INFO tempest.services.Daemon$DaemonClient run Updated Membership listmember {
  ip: "10.0.0.18"
  timestamp: 1443846531191
  hearbeat: 60
}

2015-10-02 21:28:51 INFO tempest.services.Daemon$DaemonClient$ClientCommandExecutor execute Sending membershipList to Daemon server on machine fa15-cs425-g03-01.cs.illinois.edu
2015-10-02 21:28:51 INFO tempest.services.Daemon$DaemonClient$ClientCommandExecutor execute Sending membershipList to Daemon server on machine swapnas-MacBook-Air.local
2015-10-02 21:28:51 INFO tempest.services.Daemon$ServiceRunner run Recieved Membership listmember {
  ip: "10.0.0.18"
  timestamp: 1443846531191
  hearbeat: 60
}

2015-10-02 21:28:51 INFO tempest.services.Daemon$ServiceRunner run Merged Membership listmember {
  ip: "10.0.0.18"
  timestamp: 1443846531191
  hearbeat: 60
}

2015-10-02 21:28:51 INFO tempest.services.Daemon$DaemonClient run Updated Membership listmember {
  ip: "10.0.0.18"
  timestamp: 1443846531698
  hearbeat: 61
}

2015-10-02 21:28:51 INFO tempest.services.Daemon$DaemonClient$ClientCommandExecutor execute Sending membershipList to Daemon server on machine swapnas-MacBook-Air.local
2015-10-02 21:28:51 INFO tempest.services.Daemon$DaemonClient$ClientCommandExecutor execute Sending membershipList to Daemon server on machine fa15-cs425-g03-01.cs.illinois.edu
2015-10-02 21:28:51 INFO tempest.services.Daemon$ServiceRunner run Recieved Membership listmember {
  ip: "10.0.0.18"
  timestamp: 1443846531698
  hearbeat: 61
}

2015-10-02 21:28:51 INFO tempest.services.Daemon$ServiceRunner run Merged Membership listmember {
  ip: "10.0.0.18"
  timestamp: 1443846531698
  hearbeat: 61
}

2015-10-02 21:28:52 INFO tempest.services.Daemon$DaemonClient run Updated Membership listmember {
  ip: "10.0.0.18"
  timestamp: 1443846532380
  hearbeat: 62
}

2015-10-02 21:28:52 INFO tempest.services.Daemon$DaemonClient$ClientCommandExecutor execute Sending membershipList to Daemon server on machine swapnas-MacBook-Air.local
2015-10-02 21:28:52 INFO tempest.services.Daemon$DaemonClient$ClientCommandExecutor execute Sending membershipList to Daemon server on machine fa15-cs425-g03-01.cs.illinois.edu
2015-10-02 21:28:52 INFO tempest.services.Daemon$ServiceRunner run Recieved Membership listmember {
  ip: "10.0.0.18"
  timestamp: 1443846532380
  hearbeat: 62
}

2015-10-02 21:28:52 INFO tempest.services.Daemon$ServiceRunner run Merged Membership listmember {
  ip: "10.0.0.18"
  timestamp: 1443846532380
  hearbeat: 62
}

2015-10-02 21:28:52 INFO tempest.services.Daemon$DaemonClient run Updated Membership listmember {
  ip: "10.0.0.18"
  timestamp: 1443846532886
  hearbeat: 63
}

2015-10-02 21:28:52 INFO tempest.services.Daemon$DaemonClient$ClientCommandExecutor execute Sending membershipList to Daemon server on machine swapnas-MacBook-Air.local
2015-10-02 21:28:52 INFO tempest.services.Daemon$DaemonClient$ClientCommandExecutor execute Sending membershipList to Daemon server on machine fa15-cs425-g03-01.cs.illinois.edu
2015-10-02 21:28:52 INFO tempest.services.Daemon$ServiceRunner run Recieved Membership listmember {
  ip: "10.0.0.18"
  timestamp: 1443846532886
  hearbeat: 63
}

2015-10-02 21:28:52 INFO tempest.services.Daemon$ServiceRunner run Merged Membership listmember {
  ip: "10.0.0.18"
  timestamp: 1443846532886
  hearbeat: 63
}

2015-10-02 21:28:53 INFO tempest.services.Daemon$DaemonClient run Updated Membership listmember {
  ip: "10.0.0.18"
  timestamp: 1443846533390
  hearbeat: 64
}

2015-10-02 21:28:53 INFO tempest.services.Daemon$DaemonClient$ClientCommandExecutor execute Sending membershipList to Daemon server on machine fa15-cs425-g03-01.cs.illinois.edu
2015-10-02 21:28:53 INFO tempest.services.Daemon$DaemonClient$ClientCommandExecutor execute Sending membershipList to Daemon server on machine swapnas-MacBook-Air.local
2015-10-02 21:28:53 INFO tempest.services.Daemon$ServiceRunner run Recieved Membership listmember {
  ip: "10.0.0.18"
  timestamp: 1443846533390
  hearbeat: 64
}

2015-10-02 21:28:53 INFO tempest.services.Daemon$ServiceRunner run Merged Membership listmember {
  ip: "10.0.0.18"
  timestamp: 1443846533390
  hearbeat: 64
}

2015-10-02 21:28:53 INFO tempest.services.Daemon$DaemonClient run Updated Membership listmember {
  ip: "10.0.0.18"
  timestamp: 1443846533895
  hearbeat: 65
}

2015-10-02 21:28:53 INFO tempest.services.Daemon$DaemonClient$ClientCommandExecutor execute Sending membershipList to Daemon server on machine swapnas-MacBook-Air.local
2015-10-02 21:28:53 INFO tempest.services.Daemon$DaemonClient$ClientCommandExecutor execute Sending membershipList to Daemon server on machine fa15-cs425-g03-01.cs.illinois.edu
2015-10-02 21:28:53 INFO tempest.services.Daemon$ServiceRunner run Recieved Membership listmember {
  ip: "10.0.0.18"
  timestamp: 1443846533895
  hearbeat: 65
}

2015-10-02 21:28:53 INFO tempest.services.Daemon$ServiceRunner run Merged Membership listmember {
  ip: "10.0.0.18"
  timestamp: 1443846533895
  hearbeat: 65
}

2015-10-02 21:28:54 INFO tempest.services.Daemon$DaemonClient run Updated Membership listmember {
  ip: "10.0.0.18"
  timestamp: 1443846534400
  hearbeat: 66
}

2015-10-02 21:28:54 INFO tempest.services.Daemon$DaemonClient$ClientCommandExecutor execute Sending membershipList to Daemon server on machine fa15-cs425-g03-01.cs.illinois.edu
2015-10-02 21:28:54 INFO tempest.services.Daemon$DaemonClient$ClientCommandExecutor execute Sending membershipList to Daemon server on machine swapnas-MacBook-Air.local
2015-10-02 21:28:54 INFO tempest.services.Daemon$ServiceRunner run Recieved Membership listmember {
  ip: "10.0.0.18"
  timestamp: 1443846534400
  hearbeat: 66
}

2015-10-02 21:28:54 INFO tempest.services.Daemon$ServiceRunner run Merged Membership listmember {
  ip: "10.0.0.18"
  timestamp: 1443846534400
  hearbeat: 66
}

2015-10-02 21:28:54 INFO tempest.services.Daemon$DaemonClient run Updated Membership listmember {
  ip: "10.0.0.18"
  timestamp: 1443846534906
  hearbeat: 67
}

2015-10-02 21:28:54 INFO tempest.services.Daemon$DaemonClient$ClientCommandExecutor execute Sending membershipList to Daemon server on machine fa15-cs425-g03-01.cs.illinois.edu
2015-10-02 21:28:54 INFO tempest.services.Daemon$DaemonClient$ClientCommandExecutor execute Sending membershipList to Daemon server on machine swapnas-MacBook-Air.local
2015-10-02 21:28:54 INFO tempest.services.Daemon$ServiceRunner run Recieved Membership listmember {
  ip: "10.0.0.18"
  timestamp: 1443846534906
  hearbeat: 67
}

2015-10-02 21:28:54 INFO tempest.services.Daemon$ServiceRunner run Merged Membership listmember {
  ip: "10.0.0.18"
  timestamp: 1443846534906
  hearbeat: 67
}

2015-10-02 21:28:55 INFO tempest.services.Daemon$DaemonClient run Updated Membership listmember {
  ip: "10.0.0.18"
  timestamp: 1443846535411
  hearbeat: 68
}

2015-10-02 21:28:55 INFO tempest.services.Daemon$DaemonClient$ClientCommandExecutor execute Sending membershipList to Daemon server on machine fa15-cs425-g03-01.cs.illinois.edu
2015-10-02 21:28:55 INFO tempest.services.Daemon$DaemonClient$ClientCommandExecutor execute Sending membershipList to Daemon server on machine swapnas-MacBook-Air.local
2015-10-02 21:28:55 INFO tempest.services.Daemon$ServiceRunner run Recieved Membership listmember {
  ip: "10.0.0.18"
  timestamp: 1443846535411
  hearbeat: 68
}

2015-10-02 21:28:55 INFO tempest.services.Daemon$ServiceRunner run Merged Membership listmember {
  ip: "10.0.0.18"
  timestamp: 1443846535411
  hearbeat: 68
}

2015-10-02 21:28:55 INFO tempest.services.Daemon$DaemonClient run Updated Membership listmember {
  ip: "10.0.0.18"
  timestamp: 1443846535917
  hearbeat: 69
}

2015-10-02 21:28:55 INFO tempest.services.Daemon$DaemonClient$ClientCommandExecutor execute Sending membershipList to Daemon server on machine swapnas-MacBook-Air.local
2015-10-02 21:28:55 INFO tempest.services.Daemon$DaemonClient$ClientCommandExecutor execute Sending membershipList to Daemon server on machine fa15-cs425-g03-01.cs.illinois.edu
2015-10-02 21:28:55 INFO tempest.services.Daemon$ServiceRunner run Recieved Membership listmember {
  ip: "10.0.0.18"
  timestamp: 1443846535917
  hearbeat: 69
}

2015-10-02 21:28:55 INFO tempest.services.Daemon$ServiceRunner run Merged Membership listmember {
  ip: "10.0.0.18"
  timestamp: 1443846535917
  hearbeat: 69
}

2015-10-02 21:28:56 INFO tempest.services.Daemon$DaemonClient run Updated Membership listmember {
  ip: "10.0.0.18"
  timestamp: 1443846536425
  hearbeat: 70
}

2015-10-02 21:28:56 INFO tempest.services.Daemon$DaemonClient$ClientCommandExecutor execute Sending membershipList to Daemon server on machine swapnas-MacBook-Air.local
2015-10-02 21:28:56 INFO tempest.services.Daemon$DaemonClient$ClientCommandExecutor execute Sending membershipList to Daemon server on machine fa15-cs425-g03-01.cs.illinois.edu
2015-10-02 21:28:56 INFO tempest.services.Daemon$ServiceRunner run Recieved Membership listmember {
  ip: "10.0.0.18"
  timestamp: 1443846536425
  hearbeat: 70
}

2015-10-02 21:28:56 INFO tempest.services.Daemon$ServiceRunner run Merged Membership listmember {
  ip: "10.0.0.18"
  timestamp: 1443846536425
  hearbeat: 70
}

2015-10-02 21:28:56 INFO tempest.services.Daemon$DaemonClient run Updated Membership listmember {
  ip: "10.0.0.18"
  timestamp: 1443846536929
  hearbeat: 71
}

2015-10-02 21:28:56 INFO tempest.services.Daemon$DaemonClient$ClientCommandExecutor execute Sending membershipList to Daemon server on machine fa15-cs425-g03-01.cs.illinois.edu
2015-10-02 21:28:56 INFO tempest.services.Daemon$DaemonClient$ClientCommandExecutor execute Sending membershipList to Daemon server on machine swapnas-MacBook-Air.local
2015-10-02 21:28:56 INFO tempest.services.Daemon$ServiceRunner run Recieved Membership listmember {
  ip: "10.0.0.18"
  timestamp: 1443846536929
  hearbeat: 71
}

2015-10-02 21:28:56 INFO tempest.services.Daemon$ServiceRunner run Merged Membership listmember {
  ip: "10.0.0.18"
  timestamp: 1443846536929
  hearbeat: 71
}

2015-10-02 21:28:57 INFO tempest.services.Daemon$DaemonClient run Updated Membership listmember {
  ip: "10.0.0.18"
  timestamp: 1443846537436
  hearbeat: 72
}

2015-10-02 21:28:57 INFO tempest.services.Daemon$DaemonClient$ClientCommandExecutor execute Sending membershipList to Daemon server on machine swapnas-MacBook-Air.local
2015-10-02 21:28:57 INFO tempest.services.Daemon$DaemonClient$ClientCommandExecutor execute Sending membershipList to Daemon server on machine fa15-cs425-g03-01.cs.illinois.edu
2015-10-02 21:28:57 INFO tempest.services.Daemon$ServiceRunner run Recieved Membership listmember {
  ip: "10.0.0.18"
  timestamp: 1443846537436
  hearbeat: 72
}

2015-10-02 21:28:57 INFO tempest.services.Daemon$ServiceRunner run Merged Membership listmember {
  ip: "10.0.0.18"
  timestamp: 1443846537436
  hearbeat: 72
}

2015-10-02 21:28:57 INFO tempest.services.Daemon$DaemonClient run Updated Membership listmember {
  ip: "10.0.0.18"
  timestamp: 1443846537943
  hearbeat: 73
}

2015-10-02 21:28:57 INFO tempest.services.Daemon$DaemonClient$ClientCommandExecutor execute Sending membershipList to Daemon server on machine fa15-cs425-g03-01.cs.illinois.edu
2015-10-02 21:28:57 INFO tempest.services.Daemon$DaemonClient$ClientCommandExecutor execute Sending membershipList to Daemon server on machine swapnas-MacBook-Air.local
2015-10-02 21:28:57 INFO tempest.services.Daemon$ServiceRunner run Recieved Membership listmember {
  ip: "10.0.0.18"
  timestamp: 1443846537943
  hearbeat: 73
}

2015-10-02 21:28:57 INFO tempest.services.Daemon$ServiceRunner run Merged Membership listmember {
  ip: "10.0.0.18"
  timestamp: 1443846537943
  hearbeat: 73
}

2015-10-02 21:28:58 INFO tempest.services.Daemon$DaemonClient run Updated Membership listmember {
  ip: "10.0.0.18"
  timestamp: 1443846538451
  hearbeat: 74
}

2015-10-02 21:28:58 INFO tempest.services.Daemon$DaemonClient$ClientCommandExecutor execute Sending membershipList to Daemon server on machine fa15-cs425-g03-01.cs.illinois.edu
2015-10-02 21:28:58 INFO tempest.services.Daemon$DaemonClient$ClientCommandExecutor execute Sending membershipList to Daemon server on machine swapnas-MacBook-Air.local
2015-10-02 21:28:58 INFO tempest.services.Daemon$ServiceRunner run Recieved Membership listmember {
  ip: "10.0.0.18"
  timestamp: 1443846538451
  hearbeat: 74
}

2015-10-02 21:28:58 INFO tempest.services.Daemon$ServiceRunner run Merged Membership listmember {
  ip: "10.0.0.18"
  timestamp: 1443846538451
  hearbeat: 74
}

2015-10-02 21:28:58 INFO tempest.services.Daemon$DaemonClient run Updated Membership listmember {
  ip: "10.0.0.18"
  timestamp: 1443846538958
  hearbeat: 75
}

2015-10-02 21:28:58 INFO tempest.services.Daemon$DaemonClient$ClientCommandExecutor execute Sending membershipList to Daemon server on machine swapnas-MacBook-Air.local
2015-10-02 21:28:58 INFO tempest.services.Daemon$DaemonClient$ClientCommandExecutor execute Sending membershipList to Daemon server on machine fa15-cs425-g03-01.cs.illinois.edu
2015-10-02 21:28:58 INFO tempest.services.Daemon$ServiceRunner run Recieved Membership listmember {
  ip: "10.0.0.18"
  timestamp: 1443846538958
  hearbeat: 75
}

2015-10-02 21:28:58 INFO tempest.services.Daemon$ServiceRunner run Merged Membership listmember {
  ip: "10.0.0.18"
  timestamp: 1443846538958
  hearbeat: 75
}

2015-10-02 21:28:59 INFO tempest.services.Daemon$DaemonClient run Updated Membership listmember {
  ip: "10.0.0.18"
  timestamp: 1443846539465
  hearbeat: 76
}

2015-10-02 21:28:59 INFO tempest.services.Daemon$DaemonClient$ClientCommandExecutor execute Sending membershipList to Daemon server on machine fa15-cs425-g03-01.cs.illinois.edu
2015-10-02 21:28:59 INFO tempest.services.Daemon$DaemonClient$ClientCommandExecutor execute Sending membershipList to Daemon server on machine swapnas-MacBook-Air.local
2015-10-02 21:28:59 INFO tempest.services.Daemon$ServiceRunner run Recieved Membership listmember {
  ip: "10.0.0.18"
  timestamp: 1443846539465
  hearbeat: 76
}

2015-10-02 21:28:59 INFO tempest.services.Daemon$ServiceRunner run Merged Membership listmember {
  ip: "10.0.0.18"
  timestamp: 1443846539465
  hearbeat: 76
}

2015-10-02 21:28:59 INFO tempest.services.Daemon$DaemonClient run Updated Membership listmember {
  ip: "10.0.0.18"
  timestamp: 1443846539968
  hearbeat: 77
}

2015-10-02 21:28:59 INFO tempest.services.Daemon$DaemonClient$ClientCommandExecutor execute Sending membershipList to Daemon server on machine fa15-cs425-g03-01.cs.illinois.edu
2015-10-02 21:28:59 INFO tempest.services.Daemon$DaemonClient$ClientCommandExecutor execute Sending membershipList to Daemon server on machine swapnas-MacBook-Air.local
2015-10-02 21:28:59 INFO tempest.services.Daemon$ServiceRunner run Recieved Membership listmember {
  ip: "10.0.0.18"
  timestamp: 1443846539968
  hearbeat: 77
}

2015-10-02 21:28:59 INFO tempest.services.Daemon$ServiceRunner run Merged Membership listmember {
  ip: "10.0.0.18"
  timestamp: 1443846539968
  hearbeat: 77
}

2015-10-02 21:29:00 INFO tempest.services.Daemon$DaemonClient run Updated Membership listmember {
  ip: "10.0.0.18"
  timestamp: 1443846540476
  hearbeat: 78
}

2015-10-02 21:29:00 INFO tempest.services.Daemon$DaemonClient$ClientCommandExecutor execute Sending membershipList to Daemon server on machine fa15-cs425-g03-01.cs.illinois.edu
2015-10-02 21:29:00 INFO tempest.services.Daemon$DaemonClient$ClientCommandExecutor execute Sending membershipList to Daemon server on machine swapnas-MacBook-Air.local
2015-10-02 21:29:00 INFO tempest.services.Daemon$ServiceRunner run Recieved Membership listmember {
  ip: "10.0.0.18"
  timestamp: 1443846540476
  hearbeat: 78
}

2015-10-02 21:29:00 INFO tempest.services.Daemon$ServiceRunner run Merged Membership listmember {
  ip: "10.0.0.18"
  timestamp: 1443846540476
  hearbeat: 78
}

2015-10-02 21:29:00 INFO tempest.services.Daemon$DaemonClient run Updated Membership listmember {
  ip: "10.0.0.18"
  timestamp: 1443846540983
  hearbeat: 79
}

2015-10-02 21:29:00 INFO tempest.services.Daemon$DaemonClient$ClientCommandExecutor execute Sending membershipList to Daemon server on machine swapnas-MacBook-Air.local
2015-10-02 21:29:00 INFO tempest.services.Daemon$DaemonClient$ClientCommandExecutor execute Sending membershipList to Daemon server on machine fa15-cs425-g03-01.cs.illinois.edu
2015-10-02 21:29:00 INFO tempest.services.Daemon$ServiceRunner run Recieved Membership listmember {
  ip: "10.0.0.18"
  timestamp: 1443846540983
  hearbeat: 79
}

2015-10-02 21:29:00 INFO tempest.services.Daemon$ServiceRunner run Merged Membership listmember {
  ip: "10.0.0.18"
  timestamp: 1443846540983
  hearbeat: 79
}

2015-10-02 21:29:01 INFO tempest.services.Daemon$DaemonClient run Updated Membership listmember {
  ip: "10.0.0.18"
  timestamp: 1443846541489
  hearbeat: 80
}

2015-10-02 21:29:01 INFO tempest.services.Daemon$DaemonClient$ClientCommandExecutor execute Sending membershipList to Daemon server on machine fa15-cs425-g03-01.cs.illinois.edu
2015-10-02 21:29:01 INFO tempest.services.Daemon$DaemonClient$ClientCommandExecutor execute Sending membershipList to Daemon server on machine swapnas-MacBook-Air.local
2015-10-02 21:29:01 INFO tempest.services.Daemon$ServiceRunner run Recieved Membership listmember {
  ip: "10.0.0.18"
  timestamp: 1443846541489
  hearbeat: 80
}

2015-10-02 21:29:01 INFO tempest.services.Daemon$ServiceRunner run Merged Membership listmember {
  ip: "10.0.0.18"
  timestamp: 1443846541489
  hearbeat: 80
}

2015-10-02 21:29:01 INFO tempest.services.Daemon$DaemonClient run Updated Membership listmember {
  ip: "10.0.0.18"
  timestamp: 1443846541994
  hearbeat: 81
}

2015-10-02 21:29:01 INFO tempest.services.Daemon$DaemonClient$ClientCommandExecutor execute Sending membershipList to Daemon server on machine fa15-cs425-g03-01.cs.illinois.edu
2015-10-02 21:29:01 INFO tempest.services.Daemon$DaemonClient$ClientCommandExecutor execute Sending membershipList to Daemon server on machine swapnas-MacBook-Air.local
2015-10-02 21:29:01 INFO tempest.services.Daemon$ServiceRunner run Recieved Membership listmember {
  ip: "10.0.0.18"
  timestamp: 1443846541994
  hearbeat: 81
}

2015-10-02 21:29:01 INFO tempest.services.Daemon$ServiceRunner run Merged Membership listmember {
  ip: "10.0.0.18"
  timestamp: 1443846541994
  hearbeat: 81
}

2015-10-02 21:29:02 INFO tempest.services.Daemon$DaemonClient run Updated Membership listmember {
  ip: "10.0.0.18"
  timestamp: 1443846542501
  hearbeat: 82
}

2015-10-02 21:29:02 INFO tempest.services.Daemon$DaemonClient$ClientCommandExecutor execute Sending membershipList to Daemon server on machine fa15-cs425-g03-01.cs.illinois.edu
2015-10-02 21:29:02 INFO tempest.services.Daemon$DaemonClient$ClientCommandExecutor execute Sending membershipList to Daemon server on machine swapnas-MacBook-Air.local
2015-10-02 21:29:02 INFO tempest.services.Daemon$ServiceRunner run Recieved Membership listmember {
  ip: "10.0.0.18"
  timestamp: 1443846542501
  hearbeat: 82
}

2015-10-02 21:29:02 INFO tempest.services.Daemon$ServiceRunner run Merged Membership listmember {
  ip: "10.0.0.18"
  timestamp: 1443846542501
  hearbeat: 82
}

2015-10-02 21:29:03 INFO tempest.services.Daemon$DaemonClient run Updated Membership listmember {
  ip: "10.0.0.18"
  timestamp: 1443846543008
  hearbeat: 83
}

2015-10-02 21:29:03 INFO tempest.services.Daemon$DaemonClient$ClientCommandExecutor execute Sending membershipList to Daemon server on machine fa15-cs425-g03-01.cs.illinois.edu
2015-10-02 21:29:03 INFO tempest.services.Daemon$DaemonClient$ClientCommandExecutor execute Sending membershipList to Daemon server on machine swapnas-MacBook-Air.local
2015-10-02 21:29:03 INFO tempest.services.Daemon$ServiceRunner run Recieved Membership listmember {
  ip: "10.0.0.18"
  timestamp: 1443846543008
  hearbeat: 83
}

2015-10-02 21:29:03 INFO tempest.services.Daemon$ServiceRunner run Merged Membership listmember {
  ip: "10.0.0.18"
  timestamp: 1443846543008
  hearbeat: 83
}

2015-10-02 21:29:03 INFO tempest.services.Daemon$DaemonClient run Updated Membership listmember {
  ip: "10.0.0.18"
  timestamp: 1443846543514
  hearbeat: 84
}

2015-10-02 21:29:03 INFO tempest.services.Daemon$DaemonClient$ClientCommandExecutor execute Sending membershipList to Daemon server on machine fa15-cs425-g03-01.cs.illinois.edu
2015-10-02 21:29:03 INFO tempest.services.Daemon$DaemonClient$ClientCommandExecutor execute Sending membershipList to Daemon server on machine swapnas-MacBook-Air.local
2015-10-02 21:29:03 INFO tempest.services.Daemon$ServiceRunner run Recieved Membership listmember {
  ip: "10.0.0.18"
  timestamp: 1443846543514
  hearbeat: 84
}

2015-10-02 21:29:03 INFO tempest.services.Daemon$ServiceRunner run Merged Membership listmember {
  ip: "10.0.0.18"
  timestamp: 1443846543514
  hearbeat: 84
}

2015-10-02 21:29:04 INFO tempest.services.Daemon$DaemonClient run Updated Membership listmember {
  ip: "10.0.0.18"
  timestamp: 1443846544022
  hearbeat: 85
}

2015-10-02 21:29:04 INFO tempest.services.Daemon$DaemonClient$ClientCommandExecutor execute Sending membershipList to Daemon server on machine fa15-cs425-g03-01.cs.illinois.edu
2015-10-02 21:29:04 INFO tempest.services.Daemon$DaemonClient$ClientCommandExecutor execute Sending membershipList to Daemon server on machine swapnas-MacBook-Air.local
2015-10-02 21:29:04 INFO tempest.services.Daemon$ServiceRunner run Recieved Membership listmember {
  ip: "10.0.0.18"
  timestamp: 1443846544022
  hearbeat: 85
}

2015-10-02 21:29:04 INFO tempest.services.Daemon$ServiceRunner run Merged Membership listmember {
  ip: "10.0.0.18"
  timestamp: 1443846544022
  hearbeat: 85
}

2015-10-02 21:29:04 INFO tempest.services.Daemon$DaemonClient run Updated Membership listmember {
  ip: "10.0.0.18"
  timestamp: 1443846544528
  hearbeat: 86
}

2015-10-02 21:29:04 INFO tempest.services.Daemon$DaemonClient$ClientCommandExecutor execute Sending membershipList to Daemon server on machine swapnas-MacBook-Air.local
2015-10-02 21:29:04 INFO tempest.services.Daemon$DaemonClient$ClientCommandExecutor execute Sending membershipList to Daemon server on machine fa15-cs425-g03-01.cs.illinois.edu
2015-10-02 21:29:04 INFO tempest.services.Daemon$ServiceRunner run Recieved Membership listmember {
  ip: "10.0.0.18"
  timestamp: 1443846544528
  hearbeat: 86
}

2015-10-02 21:29:04 INFO tempest.services.Daemon$ServiceRunner run Merged Membership listmember {
  ip: "10.0.0.18"
  timestamp: 1443846544528
  hearbeat: 86
}

2015-10-02 21:29:05 INFO tempest.services.Daemon$DaemonClient run Updated Membership listmember {
  ip: "10.0.0.18"
  timestamp: 1443846545035
  hearbeat: 87
}

2015-10-02 21:29:05 INFO tempest.services.Daemon$DaemonClient$ClientCommandExecutor execute Sending membershipList to Daemon server on machine fa15-cs425-g03-01.cs.illinois.edu
2015-10-02 21:29:05 INFO tempest.services.Daemon$DaemonClient$ClientCommandExecutor execute Sending membershipList to Daemon server on machine swapnas-MacBook-Air.local
2015-10-02 21:29:05 INFO tempest.services.Daemon$ServiceRunner run Recieved Membership listmember {
  ip: "10.0.0.18"
  timestamp: 1443846545035
  hearbeat: 87
}

2015-10-02 21:29:05 INFO tempest.services.Daemon$ServiceRunner run Merged Membership listmember {
  ip: "10.0.0.18"
  timestamp: 1443846545035
  hearbeat: 87
}

2015-10-02 21:29:05 INFO tempest.services.Daemon$DaemonClient run Updated Membership listmember {
  ip: "10.0.0.18"
  timestamp: 1443846545542
  hearbeat: 88
}

2015-10-02 21:29:05 INFO tempest.services.Daemon$DaemonClient$ClientCommandExecutor execute Sending membershipList to Daemon server on machine fa15-cs425-g03-01.cs.illinois.edu
2015-10-02 21:29:05 INFO tempest.services.Daemon$DaemonClient$ClientCommandExecutor execute Sending membershipList to Daemon server on machine swapnas-MacBook-Air.local
2015-10-02 21:29:05 INFO tempest.services.Daemon$ServiceRunner run Recieved Membership listmember {
  ip: "10.0.0.18"
  timestamp: 1443846545542
  hearbeat: 88
}

2015-10-02 21:29:05 INFO tempest.services.Daemon$ServiceRunner run Merged Membership listmember {
  ip: "10.0.0.18"
  timestamp: 1443846545542
  hearbeat: 88
}

2015-10-02 21:29:06 INFO tempest.services.Daemon$DaemonClient run Updated Membership listmember {
  ip: "10.0.0.18"
  timestamp: 1443846546046
  hearbeat: 89
}

2015-10-02 21:29:06 INFO tempest.services.Daemon$DaemonClient$ClientCommandExecutor execute Sending membershipList to Daemon server on machine fa15-cs425-g03-01.cs.illinois.edu
2015-10-02 21:29:06 INFO tempest.services.Daemon$DaemonClient$ClientCommandExecutor execute Sending membershipList to Daemon server on machine swapnas-MacBook-Air.local
2015-10-02 21:29:06 INFO tempest.services.Daemon$ServiceRunner run Recieved Membership listmember {
  ip: "10.0.0.18"
  timestamp: 1443846546046
  hearbeat: 89
}

2015-10-02 21:29:06 INFO tempest.services.Daemon$ServiceRunner run Merged Membership listmember {
  ip: "10.0.0.18"
  timestamp: 1443846546046
  hearbeat: 89
}

2015-10-02 21:29:06 INFO tempest.services.Daemon$DaemonClient run Updated Membership listmember {
  ip: "10.0.0.18"
  timestamp: 1443846546551
  hearbeat: 90
}

2015-10-02 21:29:06 INFO tempest.services.Daemon$DaemonClient$ClientCommandExecutor execute Sending membershipList to Daemon server on machine fa15-cs425-g03-01.cs.illinois.edu
2015-10-02 21:29:06 INFO tempest.services.Daemon$DaemonClient$ClientCommandExecutor execute Sending membershipList to Daemon server on machine swapnas-MacBook-Air.local
2015-10-02 21:29:06 INFO tempest.services.Daemon$ServiceRunner run Recieved Membership listmember {
  ip: "10.0.0.18"
  timestamp: 1443846546551
  hearbeat: 90
}

2015-10-02 21:29:06 INFO tempest.services.Daemon$ServiceRunner run Merged Membership listmember {
  ip: "10.0.0.18"
  timestamp: 1443846546551
  hearbeat: 90
}

2015-10-02 21:29:07 INFO tempest.services.Daemon$DaemonClient run Updated Membership listmember {
  ip: "10.0.0.18"
  timestamp: 1443846547053
  hearbeat: 91
}

2015-10-02 21:29:07 INFO tempest.services.Daemon$DaemonClient$ClientCommandExecutor execute Sending membershipList to Daemon server on machine swapnas-MacBook-Air.local
2015-10-02 21:29:07 INFO tempest.services.Daemon$DaemonClient$ClientCommandExecutor execute Sending membershipList to Daemon server on machine fa15-cs425-g03-01.cs.illinois.edu
2015-10-02 21:29:07 INFO tempest.services.Daemon$ServiceRunner run Recieved Membership listmember {
  ip: "10.0.0.18"
  timestamp: 1443846547053
  hearbeat: 91
}

2015-10-02 21:29:07 INFO tempest.services.Daemon$ServiceRunner run Merged Membership listmember {
  ip: "10.0.0.18"
  timestamp: 1443846547053
  hearbeat: 91
}

2015-10-02 21:29:07 INFO tempest.services.Daemon$DaemonClient run Updated Membership listmember {
  ip: "10.0.0.18"
  timestamp: 1443846547557
  hearbeat: 92
}

2015-10-02 21:29:07 INFO tempest.services.Daemon$DaemonClient$ClientCommandExecutor execute Sending membershipList to Daemon server on machine fa15-cs425-g03-01.cs.illinois.edu
2015-10-02 21:29:07 INFO tempest.services.Daemon$DaemonClient$ClientCommandExecutor execute Sending membershipList to Daemon server on machine swapnas-MacBook-Air.local
2015-10-02 21:29:07 INFO tempest.services.Daemon$ServiceRunner run Recieved Membership listmember {
  ip: "10.0.0.18"
  timestamp: 1443846547557
  hearbeat: 92
}

2015-10-02 21:29:07 INFO tempest.services.Daemon$ServiceRunner run Merged Membership listmember {
  ip: "10.0.0.18"
  timestamp: 1443846547557
  hearbeat: 92
}

2015-10-02 21:29:08 INFO tempest.services.Daemon$DaemonClient run Updated Membership listmember {
  ip: "10.0.0.18"
  timestamp: 1443846548062
  hearbeat: 93
}

2015-10-02 21:29:08 INFO tempest.services.Daemon$DaemonClient$ClientCommandExecutor execute Sending membershipList to Daemon server on machine swapnas-MacBook-Air.local
2015-10-02 21:29:08 INFO tempest.services.Daemon$DaemonClient$ClientCommandExecutor execute Sending membershipList to Daemon server on machine fa15-cs425-g03-01.cs.illinois.edu
2015-10-02 21:29:08 INFO tempest.services.Daemon$ServiceRunner run Recieved Membership listmember {
  ip: "10.0.0.18"
  timestamp: 1443846548062
  hearbeat: 93
}

2015-10-02 21:29:08 INFO tempest.services.Daemon$ServiceRunner run Merged Membership listmember {
  ip: "10.0.0.18"
  timestamp: 1443846548062
  hearbeat: 93
}

2015-10-02 21:29:08 INFO tempest.services.Daemon$DaemonClient run Updated Membership listmember {
  ip: "10.0.0.18"
  timestamp: 1443846548570
  hearbeat: 94
}

2015-10-02 21:29:08 INFO tempest.services.Daemon$DaemonClient$ClientCommandExecutor execute Sending membershipList to Daemon server on machine fa15-cs425-g03-01.cs.illinois.edu
2015-10-02 21:29:08 INFO tempest.services.Daemon$DaemonClient$ClientCommandExecutor execute Sending membershipList to Daemon server on machine swapnas-MacBook-Air.local
2015-10-02 21:29:08 INFO tempest.services.Daemon$ServiceRunner run Recieved Membership listmember {
  ip: "10.0.0.18"
  timestamp: 1443846548570
  hearbeat: 94
}

2015-10-02 21:29:08 INFO tempest.services.Daemon$ServiceRunner run Merged Membership listmember {
  ip: "10.0.0.18"
  timestamp: 1443846548570
  hearbeat: 94
}

2015-10-02 21:29:09 INFO tempest.services.Daemon$DaemonClient run Updated Membership listmember {
  ip: "10.0.0.18"
  timestamp: 1443846549072
  hearbeat: 95
}

2015-10-02 21:29:09 INFO tempest.services.Daemon$DaemonClient$ClientCommandExecutor execute Sending membershipList to Daemon server on machine fa15-cs425-g03-01.cs.illinois.edu
2015-10-02 21:29:09 INFO tempest.services.Daemon$DaemonClient$ClientCommandExecutor execute Sending membershipList to Daemon server on machine swapnas-MacBook-Air.local
2015-10-02 21:29:09 INFO tempest.services.Daemon$ServiceRunner run Recieved Membership listmember {
  ip: "10.0.0.18"
  timestamp: 1443846549072
  hearbeat: 95
}

2015-10-02 21:29:09 INFO tempest.services.Daemon$ServiceRunner run Merged Membership listmember {
  ip: "10.0.0.18"
  timestamp: 1443846549072
  hearbeat: 95
}

2015-10-02 21:29:09 INFO tempest.services.Daemon$DaemonClient run Updated Membership listmember {
  ip: "10.0.0.18"
  timestamp: 1443846549576
  hearbeat: 96
}

2015-10-02 21:29:09 INFO tempest.services.Daemon$DaemonClient$ClientCommandExecutor execute Sending membershipList to Daemon server on machine fa15-cs425-g03-01.cs.illinois.edu
2015-10-02 21:29:09 INFO tempest.services.Daemon$DaemonClient$ClientCommandExecutor execute Sending membershipList to Daemon server on machine swapnas-MacBook-Air.local
2015-10-02 21:29:09 INFO tempest.services.Daemon$ServiceRunner run Recieved Membership listmember {
  ip: "10.0.0.18"
  timestamp: 1443846549576
  hearbeat: 96
}

2015-10-02 21:29:09 INFO tempest.services.Daemon$ServiceRunner run Merged Membership listmember {
  ip: "10.0.0.18"
  timestamp: 1443846549576
  hearbeat: 96
}

2015-10-02 21:29:10 INFO tempest.services.Daemon$DaemonClient run Updated Membership listmember {
  ip: "10.0.0.18"
  timestamp: 1443846550084
  hearbeat: 97
}

2015-10-02 21:29:10 INFO tempest.services.Daemon$DaemonClient$ClientCommandExecutor execute Sending membershipList to Daemon server on machine fa15-cs425-g03-01.cs.illinois.edu
2015-10-02 21:29:10 INFO tempest.services.Daemon$DaemonClient$ClientCommandExecutor execute Sending membershipList to Daemon server on machine swapnas-MacBook-Air.local
2015-10-02 21:29:10 INFO tempest.services.Daemon$ServiceRunner run Recieved Membership listmember {
  ip: "10.0.0.18"
  timestamp: 1443846550084
  hearbeat: 97
}

2015-10-02 21:29:10 INFO tempest.services.Daemon$ServiceRunner run Merged Membership listmember {
  ip: "10.0.0.18"
  timestamp: 1443846550084
  hearbeat: 97
}

2015-10-02 21:29:10 INFO tempest.services.Daemon$DaemonClient run Updated Membership listmember {
  ip: "10.0.0.18"
  timestamp: 1443846550589
  hearbeat: 98
}

2015-10-02 21:29:10 INFO tempest.services.Daemon$DaemonClient$ClientCommandExecutor execute Sending membershipList to Daemon server on machine fa15-cs425-g03-01.cs.illinois.edu
2015-10-02 21:29:10 INFO tempest.services.Daemon$DaemonClient$ClientCommandExecutor execute Sending membershipList to Daemon server on machine swapnas-MacBook-Air.local
2015-10-02 21:29:10 INFO tempest.services.Daemon$ServiceRunner run Recieved Membership listmember {
  ip: "10.0.0.18"
  timestamp: 1443846550589
  hearbeat: 98
}

2015-10-02 21:29:10 INFO tempest.services.Daemon$ServiceRunner run Merged Membership listmember {
  ip: "10.0.0.18"
  timestamp: 1443846550589
  hearbeat: 98
}

2015-10-02 21:29:11 INFO tempest.services.Daemon$DaemonClient run Updated Membership listmember {
  ip: "10.0.0.18"
  timestamp: 1443846551096
  hearbeat: 99
}

2015-10-02 21:29:11 INFO tempest.services.Daemon$DaemonClient$ClientCommandExecutor execute Sending membershipList to Daemon server on machine fa15-cs425-g03-01.cs.illinois.edu
2015-10-02 21:29:11 INFO tempest.services.Daemon$DaemonClient$ClientCommandExecutor execute Sending membershipList to Daemon server on machine swapnas-MacBook-Air.local
2015-10-02 21:29:11 INFO tempest.services.Daemon$ServiceRunner run Recieved Membership listmember {
  ip: "10.0.0.18"
  timestamp: 1443846551096
  hearbeat: 99
}

2015-10-02 21:29:11 INFO tempest.services.Daemon$ServiceRunner run Merged Membership listmember {
  ip: "10.0.0.18"
  timestamp: 1443846551096
  hearbeat: 99
}

2015-10-02 21:29:11 INFO tempest.services.Daemon$DaemonClient run Updated Membership listmember {
  ip: "10.0.0.18"
  timestamp: 1443846551602
  hearbeat: 100
}

2015-10-02 21:29:11 INFO tempest.services.Daemon$DaemonClient$ClientCommandExecutor execute Sending membershipList to Daemon server on machine fa15-cs425-g03-01.cs.illinois.edu
2015-10-02 21:29:11 INFO tempest.services.Daemon$DaemonClient$ClientCommandExecutor execute Sending membershipList to Daemon server on machine swapnas-MacBook-Air.local
2015-10-02 21:29:11 INFO tempest.services.Daemon$ServiceRunner run Recieved Membership listmember {
  ip: "10.0.0.18"
  timestamp: 1443846551602
  hearbeat: 100
}

2015-10-02 21:29:11 INFO tempest.services.Daemon$ServiceRunner run Merged Membership listmember {
  ip: "10.0.0.18"
  timestamp: 1443846551602
  hearbeat: 100
}

2015-10-02 21:29:12 INFO tempest.services.Daemon$DaemonClient run Updated Membership listmember {
  ip: "10.0.0.18"
  timestamp: 1443846552111
  hearbeat: 101
}

2015-10-02 21:29:12 INFO tempest.services.Daemon$DaemonClient$ClientCommandExecutor execute Sending membershipList to Daemon server on machine fa15-cs425-g03-01.cs.illinois.edu
2015-10-02 21:29:12 INFO tempest.services.Daemon$DaemonClient$ClientCommandExecutor execute Sending membershipList to Daemon server on machine swapnas-MacBook-Air.local
2015-10-02 21:29:12 INFO tempest.services.Daemon$ServiceRunner run Recieved Membership listmember {
  ip: "10.0.0.18"
  timestamp: 1443846552111
  hearbeat: 101
}

2015-10-02 21:29:12 INFO tempest.services.Daemon$ServiceRunner run Merged Membership listmember {
  ip: "10.0.0.18"
  timestamp: 1443846552111
  hearbeat: 101
}

2015-10-02 21:29:12 INFO tempest.services.Daemon$DaemonClient run Updated Membership listmember {
  ip: "10.0.0.18"
  timestamp: 1443846552617
  hearbeat: 102
}

2015-10-02 21:29:12 INFO tempest.services.Daemon$DaemonClient$ClientCommandExecutor execute Sending membershipList to Daemon server on machine fa15-cs425-g03-01.cs.illinois.edu
2015-10-02 21:29:12 INFO tempest.services.Daemon$DaemonClient$ClientCommandExecutor execute Sending membershipList to Daemon server on machine swapnas-MacBook-Air.local
2015-10-02 21:29:12 INFO tempest.services.Daemon$ServiceRunner run Recieved Membership listmember {
  ip: "10.0.0.18"
  timestamp: 1443846552617
  hearbeat: 102
}

2015-10-02 21:29:12 INFO tempest.services.Daemon$ServiceRunner run Merged Membership listmember {
  ip: "10.0.0.18"
  timestamp: 1443846552617
  hearbeat: 102
}

2015-10-02 21:29:13 INFO tempest.services.Daemon$DaemonClient run Updated Membership listmember {
  ip: "10.0.0.18"
  timestamp: 1443846553124
  hearbeat: 103
}

2015-10-02 21:29:13 INFO tempest.services.Daemon$DaemonClient$ClientCommandExecutor execute Sending membershipList to Daemon server on machine fa15-cs425-g03-01.cs.illinois.edu
2015-10-02 21:29:13 INFO tempest.services.Daemon$DaemonClient$ClientCommandExecutor execute Sending membershipList to Daemon server on machine swapnas-MacBook-Air.local
2015-10-02 21:29:13 INFO tempest.services.Daemon$ServiceRunner run Recieved Membership listmember {
  ip: "10.0.0.18"
  timestamp: 1443846553124
  hearbeat: 103
}

2015-10-02 21:29:13 INFO tempest.services.Daemon$ServiceRunner run Merged Membership listmember {
  ip: "10.0.0.18"
  timestamp: 1443846553124
  hearbeat: 103
}

2015-10-02 21:29:13 INFO tempest.services.Daemon$DaemonClient run Updated Membership listmember {
  ip: "10.0.0.18"
  timestamp: 1443846553631
  hearbeat: 104
}

2015-10-02 21:29:13 INFO tempest.services.Daemon$DaemonClient$ClientCommandExecutor execute Sending membershipList to Daemon server on machine fa15-cs425-g03-01.cs.illinois.edu
2015-10-02 21:29:13 INFO tempest.services.Daemon$DaemonClient$ClientCommandExecutor execute Sending membershipList to Daemon server on machine swapnas-MacBook-Air.local
2015-10-02 21:29:13 INFO tempest.services.Daemon$ServiceRunner run Recieved Membership listmember {
  ip: "10.0.0.18"
  timestamp: 1443846553631
  hearbeat: 104
}

2015-10-02 21:29:13 INFO tempest.services.Daemon$ServiceRunner run Merged Membership listmember {
  ip: "10.0.0.18"
  timestamp: 1443846553631
  hearbeat: 104
}

2015-10-02 21:29:14 INFO tempest.services.Daemon$DaemonClient run Updated Membership listmember {
  ip: "10.0.0.18"
  timestamp: 1443846554135
  hearbeat: 105
}

2015-10-02 21:29:14 INFO tempest.services.Daemon$DaemonClient$ClientCommandExecutor execute Sending membershipList to Daemon server on machine fa15-cs425-g03-01.cs.illinois.edu
2015-10-02 21:29:14 INFO tempest.services.Daemon$DaemonClient$ClientCommandExecutor execute Sending membershipList to Daemon server on machine swapnas-MacBook-Air.local
2015-10-02 21:29:14 INFO tempest.services.Daemon$ServiceRunner run Recieved Membership listmember {
  ip: "10.0.0.18"
  timestamp: 1443846554135
  hearbeat: 105
}

2015-10-02 21:29:14 INFO tempest.services.Daemon$ServiceRunner run Merged Membership listmember {
  ip: "10.0.0.18"
  timestamp: 1443846554135
  hearbeat: 105
}

2015-10-02 21:29:14 INFO tempest.services.Daemon$DaemonClient run Updated Membership listmember {
  ip: "10.0.0.18"
  timestamp: 1443846554642
  hearbeat: 106
}

2015-10-02 21:29:14 INFO tempest.services.Daemon$DaemonClient$ClientCommandExecutor execute Sending membershipList to Daemon server on machine swapnas-MacBook-Air.local
2015-10-02 21:29:14 INFO tempest.services.Daemon$DaemonClient$ClientCommandExecutor execute Sending membershipList to Daemon server on machine fa15-cs425-g03-01.cs.illinois.edu
2015-10-02 21:29:14 INFO tempest.services.Daemon$ServiceRunner run Recieved Membership listmember {
  ip: "10.0.0.18"
  timestamp: 1443846554642
  hearbeat: 106
}

2015-10-02 21:29:14 INFO tempest.services.Daemon$ServiceRunner run Merged Membership listmember {
  ip: "10.0.0.18"
  timestamp: 1443846554642
  hearbeat: 106
}

2015-10-02 21:29:15 INFO tempest.services.Daemon$DaemonClient run Updated Membership listmember {
  ip: "10.0.0.18"
  timestamp: 1443846555148
  hearbeat: 107
}

2015-10-02 21:29:15 INFO tempest.services.Daemon$DaemonClient$ClientCommandExecutor execute Sending membershipList to Daemon server on machine swapnas-MacBook-Air.local
2015-10-02 21:29:15 INFO tempest.services.Daemon$DaemonClient$ClientCommandExecutor execute Sending membershipList to Daemon server on machine fa15-cs425-g03-01.cs.illinois.edu
2015-10-02 21:29:15 INFO tempest.services.Daemon$ServiceRunner run Recieved Membership listmember {
  ip: "10.0.0.18"
  timestamp: 1443846555148
  hearbeat: 107
}

2015-10-02 21:29:15 INFO tempest.services.Daemon$ServiceRunner run Merged Membership listmember {
  ip: "10.0.0.18"
  timestamp: 1443846555148
  hearbeat: 107
}

2015-10-02 21:29:15 INFO tempest.services.Daemon$DaemonClient run Updated Membership listmember {
  ip: "10.0.0.18"
  timestamp: 1443846555654
  hearbeat: 108
}

2015-10-02 21:29:15 INFO tempest.services.Daemon$DaemonClient$ClientCommandExecutor execute Sending membershipList to Daemon server on machine fa15-cs425-g03-01.cs.illinois.edu
2015-10-02 21:29:15 INFO tempest.services.Daemon$DaemonClient$ClientCommandExecutor execute Sending membershipList to Daemon server on machine swapnas-MacBook-Air.local
2015-10-02 21:29:15 INFO tempest.services.Daemon$ServiceRunner run Recieved Membership listmember {
  ip: "10.0.0.18"
  timestamp: 1443846555654
  hearbeat: 108
}

2015-10-02 21:29:15 INFO tempest.services.Daemon$ServiceRunner run Merged Membership listmember {
  ip: "10.0.0.18"
  timestamp: 1443846555654
  hearbeat: 108
}

2015-10-02 21:29:16 INFO tempest.services.Daemon$DaemonClient run Updated Membership listmember {
  ip: "10.0.0.18"
  timestamp: 1443846556159
  hearbeat: 109
}

2015-10-02 21:29:16 INFO tempest.services.Daemon$DaemonClient$ClientCommandExecutor execute Sending membershipList to Daemon server on machine swapnas-MacBook-Air.local
2015-10-02 21:29:16 INFO tempest.services.Daemon$DaemonClient$ClientCommandExecutor execute Sending membershipList to Daemon server on machine fa15-cs425-g03-01.cs.illinois.edu
2015-10-02 21:29:16 INFO tempest.services.Daemon$ServiceRunner run Recieved Membership listmember {
  ip: "10.0.0.18"
  timestamp: 1443846556159
  hearbeat: 109
}

2015-10-02 21:29:16 INFO tempest.services.Daemon$ServiceRunner run Merged Membership listmember {
  ip: "10.0.0.18"
  timestamp: 1443846556159
  hearbeat: 109
}

